2025-06-25 00:04:29.685|DEBUG|66f23d38429844dca297e5f0e3f5847d|org.jboss.logging                                 :164 - Logging Provider: org.jboss.logging.Slf4jLoggerProvider found via system property
2025-06-25 00:04:29.724|INFO |1c428fd6ad65405d8f9306d63c6183f5|c.k.d.IntegrationTestFtRepositoriesAndServices    :53 - Starting IntegrationTestFtRepositoriesAndServices using Java 18.0.2.1 with PID 7064 (started by Kimsong Sem in D:\Spring-boot\Digital baking sample project\digital_banking)
2025-06-25 00:04:29.752|DEBUG|1c428fd6ad65405d8f9306d63c6183f5|c.k.d.IntegrationTestFtRepositoriesAndServices    :54 - Running with Spring Boot v3.5.0, Spring v6.2.7
2025-06-25 00:04:29.753|INFO |1c428fd6ad65405d8f9306d63c6183f5|c.k.d.IntegrationTestFtRepositoriesAndServices    :658 - The following 1 profile is active: "dev"
2025-06-25 00:04:31.064|DEBUG|1c428fd6ad65405d8f9306d63c6183f5|com.zaxxer.hikari.HikariConfig                    :1026 - Class org.postgresql.Driver found in Thread context class loader jdk.internal.loader.ClassLoaders$AppClassLoader@4d7e1886
2025-06-25 00:04:31.664|DEBUG|1c428fd6ad65405d8f9306d63c6183f5|com.zaxxer.hikari.HikariConfig                    :1154 - HikariPool-1 - configuration:
2025-06-25 00:04:31.668|DEBUG|1c428fd6ad65405d8f9306d63c6183f5|com.zaxxer.hikari.HikariConfig                    :1186 - allowPoolSuspension.............false
2025-06-25 00:04:31.669|DEBUG|1c428fd6ad65405d8f9306d63c6183f5|com.zaxxer.hikari.HikariConfig                    :1186 - autoCommit......................true
2025-06-25 00:04:31.669|DEBUG|1c428fd6ad65405d8f9306d63c6183f5|com.zaxxer.hikari.HikariConfig                    :1186 - catalog.........................none
2025-06-25 00:04:31.670|DEBUG|1c428fd6ad65405d8f9306d63c6183f5|com.zaxxer.hikari.HikariConfig                    :1186 - connectionInitSql...............none
2025-06-25 00:04:31.670|DEBUG|1c428fd6ad65405d8f9306d63c6183f5|com.zaxxer.hikari.HikariConfig                    :1186 - connectionTestQuery.............none
2025-06-25 00:04:31.671|DEBUG|1c428fd6ad65405d8f9306d63c6183f5|com.zaxxer.hikari.HikariConfig                    :1186 - connectionTimeout...............30000
2025-06-25 00:04:31.672|DEBUG|1c428fd6ad65405d8f9306d63c6183f5|com.zaxxer.hikari.HikariConfig                    :1186 - credentials.....................com.zaxxer.hikari.util.Credentials@35e07e19
2025-06-25 00:04:31.672|DEBUG|1c428fd6ad65405d8f9306d63c6183f5|com.zaxxer.hikari.HikariConfig                    :1186 - dataSource......................none
2025-06-25 00:04:31.673|DEBUG|1c428fd6ad65405d8f9306d63c6183f5|com.zaxxer.hikari.HikariConfig                    :1186 - dataSourceClassName.............none
2025-06-25 00:04:31.673|DEBUG|1c428fd6ad65405d8f9306d63c6183f5|com.zaxxer.hikari.HikariConfig                    :1186 - dataSourceJNDI..................none
2025-06-25 00:04:31.673|DEBUG|1c428fd6ad65405d8f9306d63c6183f5|com.zaxxer.hikari.HikariConfig                    :1186 - dataSourceProperties............{password=<masked>}
2025-06-25 00:04:31.674|DEBUG|1c428fd6ad65405d8f9306d63c6183f5|com.zaxxer.hikari.HikariConfig                    :1186 - driverClassName................."org.postgresql.Driver"
2025-06-25 00:04:31.674|DEBUG|1c428fd6ad65405d8f9306d63c6183f5|com.zaxxer.hikari.HikariConfig                    :1186 - exceptionOverride...............none
2025-06-25 00:04:31.675|DEBUG|1c428fd6ad65405d8f9306d63c6183f5|com.zaxxer.hikari.HikariConfig                    :1186 - exceptionOverrideClassName......none
2025-06-25 00:04:31.675|DEBUG|1c428fd6ad65405d8f9306d63c6183f5|com.zaxxer.hikari.HikariConfig                    :1186 - healthCheckProperties...........{}
2025-06-25 00:04:31.675|DEBUG|1c428fd6ad65405d8f9306d63c6183f5|com.zaxxer.hikari.HikariConfig                    :1186 - healthCheckRegistry.............none
2025-06-25 00:04:31.676|DEBUG|1c428fd6ad65405d8f9306d63c6183f5|com.zaxxer.hikari.HikariConfig                    :1186 - idleTimeout.....................600000
2025-06-25 00:04:31.676|DEBUG|1c428fd6ad65405d8f9306d63c6183f5|com.zaxxer.hikari.HikariConfig                    :1186 - initializationFailTimeout.......1
2025-06-25 00:04:31.677|DEBUG|1c428fd6ad65405d8f9306d63c6183f5|com.zaxxer.hikari.HikariConfig                    :1186 - isolateInternalQueries..........false
2025-06-25 00:04:31.677|DEBUG|1c428fd6ad65405d8f9306d63c6183f5|com.zaxxer.hikari.HikariConfig                    :1186 - jdbcUrl.........................jdbc:postgresql://localhost:5432/digital_banking_db
2025-06-25 00:04:31.677|DEBUG|1c428fd6ad65405d8f9306d63c6183f5|com.zaxxer.hikari.HikariConfig                    :1186 - keepaliveTime...................120000
2025-06-25 00:04:31.678|DEBUG|1c428fd6ad65405d8f9306d63c6183f5|com.zaxxer.hikari.HikariConfig                    :1186 - leakDetectionThreshold..........0
2025-06-25 00:04:31.678|DEBUG|1c428fd6ad65405d8f9306d63c6183f5|com.zaxxer.hikari.HikariConfig                    :1186 - maxLifetime.....................1800000
2025-06-25 00:04:31.678|DEBUG|1c428fd6ad65405d8f9306d63c6183f5|com.zaxxer.hikari.HikariConfig                    :1186 - maximumPoolSize.................10
2025-06-25 00:04:31.679|DEBUG|1c428fd6ad65405d8f9306d63c6183f5|com.zaxxer.hikari.HikariConfig                    :1186 - metricRegistry..................none
2025-06-25 00:04:31.679|DEBUG|1c428fd6ad65405d8f9306d63c6183f5|com.zaxxer.hikari.HikariConfig                    :1186 - metricsTrackerFactory...........none
2025-06-25 00:04:31.679|DEBUG|1c428fd6ad65405d8f9306d63c6183f5|com.zaxxer.hikari.HikariConfig                    :1186 - minimumIdle.....................10
2025-06-25 00:04:31.680|DEBUG|1c428fd6ad65405d8f9306d63c6183f5|com.zaxxer.hikari.HikariConfig                    :1186 - password........................<masked>
2025-06-25 00:04:31.680|DEBUG|1c428fd6ad65405d8f9306d63c6183f5|com.zaxxer.hikari.HikariConfig                    :1186 - poolName........................"HikariPool-1"
2025-06-25 00:04:31.680|DEBUG|1c428fd6ad65405d8f9306d63c6183f5|com.zaxxer.hikari.HikariConfig                    :1186 - readOnly........................false
2025-06-25 00:04:31.681|DEBUG|1c428fd6ad65405d8f9306d63c6183f5|com.zaxxer.hikari.HikariConfig                    :1186 - registerMbeans..................false
2025-06-25 00:04:31.681|DEBUG|1c428fd6ad65405d8f9306d63c6183f5|com.zaxxer.hikari.HikariConfig                    :1186 - scheduledExecutor...............none
2025-06-25 00:04:31.681|DEBUG|1c428fd6ad65405d8f9306d63c6183f5|com.zaxxer.hikari.HikariConfig                    :1186 - schema..........................none
2025-06-25 00:04:31.682|DEBUG|1c428fd6ad65405d8f9306d63c6183f5|com.zaxxer.hikari.HikariConfig                    :1186 - threadFactory...................internal
2025-06-25 00:04:31.683|DEBUG|1c428fd6ad65405d8f9306d63c6183f5|com.zaxxer.hikari.HikariConfig                    :1186 - transactionIsolation............default
2025-06-25 00:04:31.683|DEBUG|1c428fd6ad65405d8f9306d63c6183f5|com.zaxxer.hikari.HikariConfig                    :1186 - username........................"postgres"
2025-06-25 00:04:31.684|DEBUG|1c428fd6ad65405d8f9306d63c6183f5|com.zaxxer.hikari.HikariConfig                    :1186 - validationTimeout...............5000
2025-06-25 00:04:31.684|INFO |1c428fd6ad65405d8f9306d63c6183f5|com.zaxxer.hikari.HikariDataSource                :109 - HikariPool-1 - Starting...
2025-06-25 00:04:31.697|DEBUG|1c428fd6ad65405d8f9306d63c6183f5|com.zaxxer.hikari.pool.PoolBase                   :366 - HikariPool-1 - Attempting to create/setup new connection (ff19f68f-214c-4db2-b6ae-2fc7208282bd)
2025-06-25 00:04:31.881|DEBUG|1c428fd6ad65405d8f9306d63c6183f5|com.zaxxer.hikari.pool.PoolBase                   :378 - HikariPool-1 - Established new connection (ff19f68f-214c-4db2-b6ae-2fc7208282bd)
2025-06-25 00:04:31.883|INFO |1c428fd6ad65405d8f9306d63c6183f5|com.zaxxer.hikari.pool.HikariPool                 :575 - HikariPool-1 - Added connection org.postgresql.jdbc.PgConnection@e7b0bec
2025-06-25 00:04:31.886|INFO |1c428fd6ad65405d8f9306d63c6183f5|com.zaxxer.hikari.HikariDataSource                :122 - HikariPool-1 - Start completed.
2025-06-25 00:04:31.998|DEBUG|c2491dc41e8749428e6e2fb0aad16814|com.zaxxer.hikari.pool.HikariPool                 :417 - HikariPool-1 - Pool stats (total=1/10, idle=1/10, active=0, waiting=0)
2025-06-25 00:04:32.000|DEBUG|b2faae47b3794458b18bc9aee9a06a95|com.zaxxer.hikari.pool.PoolBase                   :366 - HikariPool-1 - Attempting to create/setup new connection (69507cb9-7194-4b4f-b92a-194e700f68a5)
2025-06-25 00:04:32.047|DEBUG|b2faae47b3794458b18bc9aee9a06a95|com.zaxxer.hikari.pool.PoolBase                   :378 - HikariPool-1 - Established new connection (69507cb9-7194-4b4f-b92a-194e700f68a5)
2025-06-25 00:04:32.048|DEBUG|b2faae47b3794458b18bc9aee9a06a95|com.zaxxer.hikari.pool.HikariPool                 :751 - HikariPool-1 - Added connection org.postgresql.jdbc.PgConnection@5096ce19
2025-06-25 00:04:32.092|DEBUG|b2faae47b3794458b18bc9aee9a06a95|com.zaxxer.hikari.pool.HikariPool                 :417 - HikariPool-1 - After adding stats (total=2/10, idle=2/10, active=0, waiting=0)
2025-06-25 00:04:32.092|DEBUG|b2faae47b3794458b18bc9aee9a06a95|com.zaxxer.hikari.pool.PoolBase                   :366 - HikariPool-1 - Attempting to create/setup new connection (ffd595e1-2434-49c5-9a0a-658a35d3da9f)
2025-06-25 00:04:32.147|DEBUG|b2faae47b3794458b18bc9aee9a06a95|com.zaxxer.hikari.pool.PoolBase                   :378 - HikariPool-1 - Established new connection (ffd595e1-2434-49c5-9a0a-658a35d3da9f)
2025-06-25 00:04:32.148|DEBUG|b2faae47b3794458b18bc9aee9a06a95|com.zaxxer.hikari.pool.HikariPool                 :751 - HikariPool-1 - Added connection org.postgresql.jdbc.PgConnection@5e512a7b
2025-06-25 00:04:32.185|DEBUG|b2faae47b3794458b18bc9aee9a06a95|com.zaxxer.hikari.pool.HikariPool                 :417 - HikariPool-1 - After adding stats (total=3/10, idle=3/10, active=0, waiting=0)
2025-06-25 00:04:32.185|DEBUG|b2faae47b3794458b18bc9aee9a06a95|com.zaxxer.hikari.pool.PoolBase                   :366 - HikariPool-1 - Attempting to create/setup new connection (cec12f49-248c-4c86-8eac-2af1a56e29f8)
2025-06-25 00:04:32.237|DEBUG|b2faae47b3794458b18bc9aee9a06a95|com.zaxxer.hikari.pool.PoolBase                   :378 - HikariPool-1 - Established new connection (cec12f49-248c-4c86-8eac-2af1a56e29f8)
2025-06-25 00:04:32.237|DEBUG|b2faae47b3794458b18bc9aee9a06a95|com.zaxxer.hikari.pool.HikariPool                 :751 - HikariPool-1 - Added connection org.postgresql.jdbc.PgConnection@5a6ea569
2025-06-25 00:04:32.281|DEBUG|b2faae47b3794458b18bc9aee9a06a95|com.zaxxer.hikari.pool.HikariPool                 :417 - HikariPool-1 - After adding stats (total=4/10, idle=4/10, active=0, waiting=0)
2025-06-25 00:04:32.281|DEBUG|b2faae47b3794458b18bc9aee9a06a95|com.zaxxer.hikari.pool.PoolBase                   :366 - HikariPool-1 - Attempting to create/setup new connection (e7fcd618-ef38-43c1-a05e-d3cb0ba31548)
2025-06-25 00:04:32.339|DEBUG|b2faae47b3794458b18bc9aee9a06a95|com.zaxxer.hikari.pool.PoolBase                   :378 - HikariPool-1 - Established new connection (e7fcd618-ef38-43c1-a05e-d3cb0ba31548)
2025-06-25 00:04:32.340|DEBUG|b2faae47b3794458b18bc9aee9a06a95|com.zaxxer.hikari.pool.HikariPool                 :751 - HikariPool-1 - Added connection org.postgresql.jdbc.PgConnection@1f6c2040
2025-06-25 00:04:32.377|DEBUG|b2faae47b3794458b18bc9aee9a06a95|com.zaxxer.hikari.pool.HikariPool                 :417 - HikariPool-1 - After adding stats (total=5/10, idle=5/10, active=0, waiting=0)
2025-06-25 00:04:32.377|DEBUG|b2faae47b3794458b18bc9aee9a06a95|com.zaxxer.hikari.pool.PoolBase                   :366 - HikariPool-1 - Attempting to create/setup new connection (63361739-6c74-4a57-91f4-8441bf65e45e)
2025-06-25 00:04:32.431|DEBUG|b2faae47b3794458b18bc9aee9a06a95|com.zaxxer.hikari.pool.PoolBase                   :378 - HikariPool-1 - Established new connection (63361739-6c74-4a57-91f4-8441bf65e45e)
2025-06-25 00:04:32.431|DEBUG|b2faae47b3794458b18bc9aee9a06a95|com.zaxxer.hikari.pool.HikariPool                 :751 - HikariPool-1 - Added connection org.postgresql.jdbc.PgConnection@79ecc3b2
2025-06-25 00:04:32.471|DEBUG|b2faae47b3794458b18bc9aee9a06a95|com.zaxxer.hikari.pool.HikariPool                 :417 - HikariPool-1 - After adding stats (total=6/10, idle=6/10, active=0, waiting=0)
2025-06-25 00:04:32.471|DEBUG|b2faae47b3794458b18bc9aee9a06a95|com.zaxxer.hikari.pool.PoolBase                   :366 - HikariPool-1 - Attempting to create/setup new connection (66c2bfda-be6d-491a-a068-40339e90bc0f)
2025-06-25 00:04:32.523|DEBUG|b2faae47b3794458b18bc9aee9a06a95|com.zaxxer.hikari.pool.PoolBase                   :378 - HikariPool-1 - Established new connection (66c2bfda-be6d-491a-a068-40339e90bc0f)
2025-06-25 00:04:32.523|DEBUG|b2faae47b3794458b18bc9aee9a06a95|com.zaxxer.hikari.pool.HikariPool                 :751 - HikariPool-1 - Added connection org.postgresql.jdbc.PgConnection@2e393c06
2025-06-25 00:04:32.566|DEBUG|b2faae47b3794458b18bc9aee9a06a95|com.zaxxer.hikari.pool.HikariPool                 :417 - HikariPool-1 - After adding stats (total=7/10, idle=7/10, active=0, waiting=0)
2025-06-25 00:04:32.566|DEBUG|b2faae47b3794458b18bc9aee9a06a95|com.zaxxer.hikari.pool.PoolBase                   :366 - HikariPool-1 - Attempting to create/setup new connection (6b8e730d-1509-4702-bda0-bb9976bfcd31)
2025-06-25 00:04:32.619|DEBUG|b2faae47b3794458b18bc9aee9a06a95|com.zaxxer.hikari.pool.PoolBase                   :378 - HikariPool-1 - Established new connection (6b8e730d-1509-4702-bda0-bb9976bfcd31)
2025-06-25 00:04:32.620|DEBUG|b2faae47b3794458b18bc9aee9a06a95|com.zaxxer.hikari.pool.HikariPool                 :751 - HikariPool-1 - Added connection org.postgresql.jdbc.PgConnection@1538145
2025-06-25 00:04:32.660|DEBUG|b2faae47b3794458b18bc9aee9a06a95|com.zaxxer.hikari.pool.HikariPool                 :417 - HikariPool-1 - After adding stats (total=8/10, idle=8/10, active=0, waiting=0)
2025-06-25 00:04:32.660|DEBUG|b2faae47b3794458b18bc9aee9a06a95|com.zaxxer.hikari.pool.PoolBase                   :366 - HikariPool-1 - Attempting to create/setup new connection (9ec098b8-039b-4e03-8b20-5fb5086e5bc1)
2025-06-25 00:04:32.707|DEBUG|b2faae47b3794458b18bc9aee9a06a95|com.zaxxer.hikari.pool.PoolBase                   :378 - HikariPool-1 - Established new connection (9ec098b8-039b-4e03-8b20-5fb5086e5bc1)
2025-06-25 00:04:32.707|DEBUG|b2faae47b3794458b18bc9aee9a06a95|com.zaxxer.hikari.pool.HikariPool                 :751 - HikariPool-1 - Added connection org.postgresql.jdbc.PgConnection@7f43df0f
2025-06-25 00:04:32.740|DEBUG|b2faae47b3794458b18bc9aee9a06a95|com.zaxxer.hikari.pool.HikariPool                 :417 - HikariPool-1 - After adding stats (total=9/10, idle=9/10, active=0, waiting=0)
2025-06-25 00:04:32.740|DEBUG|b2faae47b3794458b18bc9aee9a06a95|com.zaxxer.hikari.pool.PoolBase                   :366 - HikariPool-1 - Attempting to create/setup new connection (b1456084-f0d4-4c6c-844c-0caeb37e939b)
2025-06-25 00:04:32.785|DEBUG|b2faae47b3794458b18bc9aee9a06a95|com.zaxxer.hikari.pool.PoolBase                   :378 - HikariPool-1 - Established new connection (b1456084-f0d4-4c6c-844c-0caeb37e939b)
2025-06-25 00:04:32.786|DEBUG|b2faae47b3794458b18bc9aee9a06a95|com.zaxxer.hikari.pool.HikariPool                 :751 - HikariPool-1 - Added connection org.postgresql.jdbc.PgConnection@60ad6206
2025-06-25 00:04:32.818|DEBUG|b2faae47b3794458b18bc9aee9a06a95|com.zaxxer.hikari.pool.HikariPool                 :417 - HikariPool-1 - After adding stats (total=10/10, idle=10/10, active=0, waiting=0)
2025-06-25 00:04:34.505|DEBUG|1c428fd6ad65405d8f9306d63c6183f5|_.s.web.servlet.HandlerMapping.Mappings           :294 - 
	c.k.d.c.AccountController:
	{GET [/api/accounts/{accountNumber}/balance]}: balance(String)
	{POST [/api/accounts/create]}: createCustomerAccount(CreateCustomerAccountRequest)
2025-06-25 00:04:34.517|DEBUG|1c428fd6ad65405d8f9306d63c6183f5|_.s.web.servlet.HandlerMapping.Mappings           :294 - 
	c.k.d.c.TransactionHistoryController:
	{GET [/api/transactions/getAllHistory]}: transactionHistory(TransactionHistoryFilter)
2025-06-25 00:04:34.518|DEBUG|1c428fd6ad65405d8f9306d63c6183f5|_.s.web.servlet.HandlerMapping.Mappings           :294 - 
	c.k.d.c.TransferController:
	{POST [/api/transfers]}: transfer(TransferMoneyRequest)
2025-06-25 00:04:34.525|DEBUG|1c428fd6ad65405d8f9306d63c6183f5|_.s.web.servlet.HandlerMapping.Mappings           :294 - 
	o.s.b.a.w.s.e.BasicErrorController:
	{ [/error]}: error(HttpServletRequest)
	{ [/error], produces [text/html]}: errorHtml(HttpServletRequest,HttpServletResponse)
2025-06-25 00:04:34.551|DEBUG|1c428fd6ad65405d8f9306d63c6183f5|_.s.web.servlet.HandlerMapping.Mappings           :294 - 
	o.s.w.a.OpenApiWebMvcResource:
	{GET [/v3/api-docs], produces [application/json]}: openapiJson(HttpServletRequest,String,Locale)
	{GET [/v3/api-docs.yaml], produces [application/vnd.oai.openapi]}: openapiYaml(HttpServletRequest,String,Locale)
2025-06-25 00:04:34.556|DEBUG|1c428fd6ad65405d8f9306d63c6183f5|_.s.web.servlet.HandlerMapping.Mappings           :294 - 
	o.s.w.u.SwaggerWelcomeWebMvc:
	{GET [/swagger-ui.html]}: redirectToUi(HttpServletRequest)
2025-06-25 00:04:34.559|DEBUG|1c428fd6ad65405d8f9306d63c6183f5|_.s.web.servlet.HandlerMapping.Mappings           :294 - 
	o.s.w.u.SwaggerConfigResource:
	{GET [/v3/api-docs/swagger-config], produces [application/json]}: openapiJson(HttpServletRequest)
2025-06-25 00:04:34.573|DEBUG|1c428fd6ad65405d8f9306d63c6183f5|_.s.web.servlet.HandlerMapping.Mappings           :86 - 'beanNameHandlerMapping' {}
2025-06-25 00:04:34.763|DEBUG|1c428fd6ad65405d8f9306d63c6183f5|_.s.web.servlet.HandlerMapping.Mappings           :176 - 'resourceHandlerMapping' {/webjars/**=ResourceHttpRequestHandler [classpath [META-INF/resources/webjars/]], /**=ResourceHttpRequestHandler [classpath [META-INF/resources/], classpath [resources/], classpath [static/], classpath [public/], ServletContext [/]], /swagger-ui*/*swagger-initializer.js=ResourceHttpRequestHandler [classpath [META-INF/resources/webjars/]], /swagger-ui*/**=ResourceHttpRequestHandler [classpath [META-INF/resources/webjars/]]}
2025-06-25 00:04:35.147|INFO |1c428fd6ad65405d8f9306d63c6183f5|c.k.d.IntegrationTestFtRepositoriesAndServices    :59 - Started IntegrationTestFtRepositoriesAndServices in 5.715 seconds (process running for 6.947)
2025-06-25 00:04:36.057|ERROR|1c428fd6ad65405d8f9306d63c6183f5|c.k.d.services.implement.TransferServiceImpl      :89 - Single transfer exceeded limit
2025-06-25 00:04:36.143|INFO |1c428fd6ad65405d8f9306d63c6183f5|c.k.d.services.implement.AccountServiceImpl       :76 - Account updated with account number:100000001
2025-06-25 00:04:36.144|INFO |1c428fd6ad65405d8f9306d63c6183f5|c.k.d.services.implement.AccountServiceImpl       :76 - Account updated with account number:100000002
2025-06-25 00:04:36.145|INFO |1c428fd6ad65405d8f9306d63c6183f5|c.k.d.services.implement.TransferServiceImpl      :110 - Transfer success
2025-06-25 00:04:36.149|INFO |1c428fd6ad65405d8f9306d63c6183f5|c.k.d.services.implement.TransactionHisServiceImpl:40 - DEBIT transaction created with ref: TXN20250625-000436-727
2025-06-25 00:04:36.151|INFO |1c428fd6ad65405d8f9306d63c6183f5|c.k.d.services.implement.TransactionHisServiceImpl:40 - CREDIT transaction created with ref: TXN20250625-000436-727
2025-06-25 00:04:36.213|ERROR|1c428fd6ad65405d8f9306d63c6183f5|c.k.d.services.implement.TransferServiceImpl      :85 - Amount is less than minimum limit
2025-06-25 00:04:36.256|ERROR|1c428fd6ad65405d8f9306d63c6183f5|c.k.d.services.implement.TransferServiceImpl      :75 - Insufficient balance, request balance: 500.00, available balance: 100.00
2025-06-25 00:04:36.304|INFO |723ed61d5e3149b998d5527993208fb6|c.k.d.services.implement.AccountServiceImpl       :76 - Account updated with account number:100000001
2025-06-25 00:04:36.304|INFO |723ed61d5e3149b998d5527993208fb6|c.k.d.services.implement.AccountServiceImpl       :76 - Account updated with account number:100000002
2025-06-25 00:04:36.305|INFO |723ed61d5e3149b998d5527993208fb6|c.k.d.services.implement.TransferServiceImpl      :110 - Transfer success
2025-06-25 00:04:36.307|INFO |723ed61d5e3149b998d5527993208fb6|c.k.d.services.implement.TransactionHisServiceImpl:40 - DEBIT transaction created with ref: TXN20250625-000436-637
2025-06-25 00:04:36.308|INFO |723ed61d5e3149b998d5527993208fb6|c.k.d.services.implement.TransactionHisServiceImpl:40 - CREDIT transaction created with ref: TXN20250625-000436-637
2025-06-25 00:04:36.320|INFO |7e07734fd8fc4dc085dbaa81700d772f|c.k.d.services.implement.AccountServiceImpl       :76 - Account updated with account number:100000002
2025-06-25 00:04:36.321|INFO |7e07734fd8fc4dc085dbaa81700d772f|c.k.d.services.implement.AccountServiceImpl       :76 - Account updated with account number:100000001
2025-06-25 00:04:36.321|INFO |7e07734fd8fc4dc085dbaa81700d772f|c.k.d.services.implement.TransferServiceImpl      :110 - Transfer success
2025-06-25 00:04:36.324|INFO |7e07734fd8fc4dc085dbaa81700d772f|c.k.d.services.implement.TransactionHisServiceImpl:40 - DEBIT transaction created with ref: TXN20250625-000436-802
2025-06-25 00:04:36.326|INFO |7e07734fd8fc4dc085dbaa81700d772f|c.k.d.services.implement.TransactionHisServiceImpl:40 - CREDIT transaction created with ref: TXN20250625-000436-802
2025-06-25 00:04:36.418|ERROR|1c428fd6ad65405d8f9306d63c6183f5|c.k.d.services.implement.TransferServiceImpl      :101 - Daily transfer exceeded limit
2025-06-25 00:04:36.449|ERROR|1c428fd6ad65405d8f9306d63c6183f5|c.k.d.services.implement.TransferServiceImpl      :47 - Can't transfer for same account: 100000001
2025-06-25 00:04:36.495|INFO |f26582daeaf1401da0feaa6aae100734|c.k.d.services.implement.AccountServiceImpl       :76 - Account updated with account number:100000001
2025-06-25 00:04:36.496|INFO |f26582daeaf1401da0feaa6aae100734|c.k.d.services.implement.AccountServiceImpl       :76 - Account updated with account number:100000002
2025-06-25 00:04:36.496|INFO |f26582daeaf1401da0feaa6aae100734|c.k.d.services.implement.TransferServiceImpl      :110 - Transfer success
2025-06-25 00:04:36.498|INFO |f26582daeaf1401da0feaa6aae100734|c.k.d.services.implement.TransactionHisServiceImpl:40 - DEBIT transaction created with ref: TXN20250625-000436-233
2025-06-25 00:04:36.499|INFO |f26582daeaf1401da0feaa6aae100734|c.k.d.services.implement.TransactionHisServiceImpl:40 - CREDIT transaction created with ref: TXN20250625-000436-233
2025-06-25 00:04:36.510|INFO |c953d81411d544a7bac4ea1950a31096|c.k.d.services.implement.AccountServiceImpl       :76 - Account updated with account number:100000001
2025-06-25 00:04:36.511|INFO |c953d81411d544a7bac4ea1950a31096|c.k.d.services.implement.AccountServiceImpl       :76 - Account updated with account number:100000003
2025-06-25 00:04:36.511|INFO |c953d81411d544a7bac4ea1950a31096|c.k.d.services.implement.TransferServiceImpl      :110 - Transfer success
2025-06-25 00:04:36.513|INFO |c953d81411d544a7bac4ea1950a31096|c.k.d.services.implement.TransactionHisServiceImpl:40 - DEBIT transaction created with ref: TXN20250625-000436-552
2025-06-25 00:04:36.515|INFO |c953d81411d544a7bac4ea1950a31096|c.k.d.services.implement.TransactionHisServiceImpl:40 - CREDIT transaction created with ref: TXN20250625-000436-552
2025-06-25 00:04:36.535|INFO |7aeeae735a5140d8a3aaa9c3cdb9a490|com.zaxxer.hikari.HikariDataSource                :349 - HikariPool-1 - Shutdown initiated...
2025-06-25 00:04:36.536|DEBUG|7aeeae735a5140d8a3aaa9c3cdb9a490|com.zaxxer.hikari.pool.HikariPool                 :417 - HikariPool-1 - Before shutdown stats (total=10/10, idle=10/10, active=0, waiting=0)
2025-06-25 00:04:36.537|DEBUG|f1fdb85369f24c6e883687d48481f2dd|com.zaxxer.hikari.pool.PoolBase                   :136 - HikariPool-1 - Closing connection org.postgresql.jdbc.PgConnection@e7b0bec: (connection evicted)
2025-06-25 00:04:36.538|DEBUG|f1fdb85369f24c6e883687d48481f2dd|com.zaxxer.hikari.pool.PoolBase                   :136 - HikariPool-1 - Closing connection org.postgresql.jdbc.PgConnection@5096ce19: (connection evicted)
2025-06-25 00:04:36.539|DEBUG|f1fdb85369f24c6e883687d48481f2dd|com.zaxxer.hikari.pool.PoolBase                   :136 - HikariPool-1 - Closing connection org.postgresql.jdbc.PgConnection@5e512a7b: (connection evicted)
2025-06-25 00:04:36.539|DEBUG|f1fdb85369f24c6e883687d48481f2dd|com.zaxxer.hikari.pool.PoolBase                   :136 - HikariPool-1 - Closing connection org.postgresql.jdbc.PgConnection@5a6ea569: (connection evicted)
2025-06-25 00:04:36.540|DEBUG|f1fdb85369f24c6e883687d48481f2dd|com.zaxxer.hikari.pool.PoolBase                   :136 - HikariPool-1 - Closing connection org.postgresql.jdbc.PgConnection@1f6c2040: (connection evicted)
2025-06-25 00:04:36.540|DEBUG|f1fdb85369f24c6e883687d48481f2dd|com.zaxxer.hikari.pool.PoolBase                   :136 - HikariPool-1 - Closing connection org.postgresql.jdbc.PgConnection@79ecc3b2: (connection evicted)
2025-06-25 00:04:36.541|DEBUG|f1fdb85369f24c6e883687d48481f2dd|com.zaxxer.hikari.pool.PoolBase                   :136 - HikariPool-1 - Closing connection org.postgresql.jdbc.PgConnection@2e393c06: (connection evicted)
2025-06-25 00:04:36.541|DEBUG|f1fdb85369f24c6e883687d48481f2dd|com.zaxxer.hikari.pool.PoolBase                   :136 - HikariPool-1 - Closing connection org.postgresql.jdbc.PgConnection@1538145: (connection evicted)
2025-06-25 00:04:36.541|DEBUG|f1fdb85369f24c6e883687d48481f2dd|com.zaxxer.hikari.pool.PoolBase                   :136 - HikariPool-1 - Closing connection org.postgresql.jdbc.PgConnection@7f43df0f: (connection evicted)
2025-06-25 00:04:36.542|DEBUG|f1fdb85369f24c6e883687d48481f2dd|com.zaxxer.hikari.pool.PoolBase                   :136 - HikariPool-1 - Closing connection org.postgresql.jdbc.PgConnection@60ad6206: (connection evicted)
2025-06-25 00:04:36.543|DEBUG|7aeeae735a5140d8a3aaa9c3cdb9a490|com.zaxxer.hikari.pool.HikariPool                 :417 - HikariPool-1 - After  shutdown stats (total=0/10, idle=0/10, active=0, waiting=0)
2025-06-25 00:04:36.543|INFO |7aeeae735a5140d8a3aaa9c3cdb9a490|com.zaxxer.hikari.HikariDataSource                :351 - HikariPool-1 - Shutdown completed.
2025-06-25 00:05:10.434|ERROR|92602bb7b5234bf5b87cbf405c458c92|c.k.d.services.implement.AccountServiceImpl       :49 - Account not found: 200000001
2025-06-25 00:05:10.464|INFO |92602bb7b5234bf5b87cbf405c458c92|c.k.d.services.implement.AccountServiceImpl       :76 - Account updated with account number:100000001
2025-06-25 00:05:10.475|ERROR|92602bb7b5234bf5b87cbf405c458c92|c.k.d.services.implement.AccountServiceImpl       :63 - From account not found: 100000003
2025-06-25 00:05:10.490|INFO |92602bb7b5234bf5b87cbf405c458c92|c.k.d.services.implement.AccountServiceImpl       :37 - Account created with account number:100000001
2025-06-25 00:05:10.506|ERROR|92602bb7b5234bf5b87cbf405c458c92|c.k.d.services.implement.AccountServiceImpl       :67 - To account not found: 100000004
2025-06-25 00:05:10.717|ERROR|92602bb7b5234bf5b87cbf405c458c92|c.k.d.services.implement.CustomerServiceImpl      :34 - Customer already exists with CIF: 000001
2025-06-25 00:05:10.727|INFO |92602bb7b5234bf5b87cbf405c458c92|c.k.d.services.implement.CustomerServiceImpl      :40 - Customer created with CIF:000001
2025-06-25 00:05:10.912|INFO |92602bb7b5234bf5b87cbf405c458c92|c.k.d.services.implement.TransactionHisServiceImpl:40 - DEBIT transaction created with ref: TXN20250622-172627-111
2025-06-25 00:05:11.029|ERROR|92602bb7b5234bf5b87cbf405c458c92|c.k.d.services.implement.TransferServiceImpl      :89 - Single transfer exceeded limit
2025-06-25 00:05:11.036|ERROR|92602bb7b5234bf5b87cbf405c458c92|c.k.d.services.implement.TransferServiceImpl      :85 - Amount is less than minimum limit
2025-06-25 00:05:11.044|ERROR|92602bb7b5234bf5b87cbf405c458c92|c.k.d.services.implement.TransferServiceImpl      :75 - Insufficient balance, request balance: 100.00, available balance: 50.00
2025-06-25 00:05:11.054|INFO |92602bb7b5234bf5b87cbf405c458c92|c.k.d.services.implement.TransferServiceImpl      :110 - Transfer success
2025-06-25 00:05:11.070|INFO |92602bb7b5234bf5b87cbf405c458c92|c.k.d.services.implement.TransferServiceImpl      :110 - Transfer success
2025-06-25 00:05:11.082|INFO |92602bb7b5234bf5b87cbf405c458c92|c.k.d.services.implement.TransferServiceImpl      :110 - Transfer success
2025-06-25 00:05:11.093|ERROR|92602bb7b5234bf5b87cbf405c458c92|c.k.d.services.implement.TransferServiceImpl      :101 - Daily transfer exceeded limit
2025-06-25 00:05:11.099|ERROR|92602bb7b5234bf5b87cbf405c458c92|c.k.d.services.implement.TransferServiceImpl      :47 - Can't transfer for same account: 100000001
2025-06-25 00:06:55.434|ERROR|0b312ae9a7ce472a9eee153f796dcc45|c.k.d.services.implement.AccountServiceImpl       :49 - Account not found: 200000001
2025-06-25 00:06:55.453|INFO |0b312ae9a7ce472a9eee153f796dcc45|c.k.d.services.implement.AccountServiceImpl       :76 - Account updated with account number:100000001
2025-06-25 00:06:55.459|ERROR|0b312ae9a7ce472a9eee153f796dcc45|c.k.d.services.implement.AccountServiceImpl       :63 - From account not found: 100000003
2025-06-25 00:06:55.470|INFO |0b312ae9a7ce472a9eee153f796dcc45|c.k.d.services.implement.AccountServiceImpl       :37 - Account created with account number:100000001
2025-06-25 00:06:55.486|ERROR|0b312ae9a7ce472a9eee153f796dcc45|c.k.d.services.implement.AccountServiceImpl       :67 - To account not found: 100000004
2025-06-25 00:06:55.617|ERROR|0b312ae9a7ce472a9eee153f796dcc45|c.k.d.services.implement.CustomerServiceImpl      :34 - Customer already exists with CIF: 000001
2025-06-25 00:06:55.622|INFO |0b312ae9a7ce472a9eee153f796dcc45|c.k.d.services.implement.CustomerServiceImpl      :40 - Customer created with CIF:000001
2025-06-25 00:06:55.739|INFO |0b312ae9a7ce472a9eee153f796dcc45|c.k.d.services.implement.TransactionHisServiceImpl:40 - DEBIT transaction created with ref: TXN20250622-172627-111
2025-06-25 00:06:55.813|ERROR|0b312ae9a7ce472a9eee153f796dcc45|c.k.d.services.implement.TransferServiceImpl      :89 - Single transfer exceeded limit
2025-06-25 00:06:55.818|ERROR|0b312ae9a7ce472a9eee153f796dcc45|c.k.d.services.implement.TransferServiceImpl      :85 - Amount is less than minimum limit
2025-06-25 00:06:55.823|ERROR|0b312ae9a7ce472a9eee153f796dcc45|c.k.d.services.implement.TransferServiceImpl      :75 - Insufficient balance, request balance: 100.00, available balance: 50.00
2025-06-25 00:06:55.830|INFO |0b312ae9a7ce472a9eee153f796dcc45|c.k.d.services.implement.TransferServiceImpl      :110 - Transfer success
2025-06-25 00:06:55.837|INFO |0b312ae9a7ce472a9eee153f796dcc45|c.k.d.services.implement.TransferServiceImpl      :110 - Transfer success
2025-06-25 00:06:55.845|INFO |0b312ae9a7ce472a9eee153f796dcc45|c.k.d.services.implement.TransferServiceImpl      :110 - Transfer success
2025-06-25 00:06:55.852|ERROR|0b312ae9a7ce472a9eee153f796dcc45|c.k.d.services.implement.TransferServiceImpl      :101 - Daily transfer exceeded limit
2025-06-25 00:06:55.855|ERROR|0b312ae9a7ce472a9eee153f796dcc45|c.k.d.services.implement.TransferServiceImpl      :47 - Can't transfer for same account: 100000001
2025-06-25 00:07:32.214|ERROR|8f7cfa7e9c724d919362825bf9af182c|c.k.d.services.implement.AccountServiceImpl       :49 - Account not found: 200000001
2025-06-25 00:07:32.238|INFO |8f7cfa7e9c724d919362825bf9af182c|c.k.d.services.implement.AccountServiceImpl       :76 - Account updated with account number:100000001
2025-06-25 00:07:32.253|ERROR|8f7cfa7e9c724d919362825bf9af182c|c.k.d.services.implement.AccountServiceImpl       :63 - From account not found: 100000003
2025-06-25 00:07:32.268|INFO |8f7cfa7e9c724d919362825bf9af182c|c.k.d.services.implement.AccountServiceImpl       :37 - Account created with account number:100000001
2025-06-25 00:07:32.285|ERROR|8f7cfa7e9c724d919362825bf9af182c|c.k.d.services.implement.AccountServiceImpl       :67 - To account not found: 100000004
2025-06-25 00:08:05.293|ERROR|5e6e6bc38a0d4aef8513a9535ea2b653|c.k.d.services.implement.CustomerServiceImpl      :34 - Customer already exists with CIF: 000001
2025-06-25 00:08:05.333|INFO |5e6e6bc38a0d4aef8513a9535ea2b653|c.k.d.services.implement.CustomerServiceImpl      :40 - Customer created with CIF:000001
2025-06-25 00:08:15.617|INFO |dff8a77469bb435c9d5de235a02f4ffa|c.k.d.services.implement.TransactionHisServiceImpl:40 - DEBIT transaction created with ref: TXN20250622-172627-111
2025-06-25 00:08:29.608|ERROR|45d8e9a6fb9f47c58a071ef11379a08d|c.k.d.services.implement.TransferServiceImpl      :89 - Single transfer exceeded limit
2025-06-25 00:08:29.645|ERROR|45d8e9a6fb9f47c58a071ef11379a08d|c.k.d.services.implement.TransferServiceImpl      :85 - Amount is less than minimum limit
2025-06-25 00:08:29.653|ERROR|45d8e9a6fb9f47c58a071ef11379a08d|c.k.d.services.implement.TransferServiceImpl      :75 - Insufficient balance, request balance: 100.00, available balance: 50.00
2025-06-25 00:08:29.666|INFO |45d8e9a6fb9f47c58a071ef11379a08d|c.k.d.services.implement.TransferServiceImpl      :110 - Transfer success
2025-06-25 00:08:29.691|INFO |45d8e9a6fb9f47c58a071ef11379a08d|c.k.d.services.implement.TransferServiceImpl      :110 - Transfer success
2025-06-25 00:08:29.702|INFO |45d8e9a6fb9f47c58a071ef11379a08d|c.k.d.services.implement.TransferServiceImpl      :110 - Transfer success
2025-06-25 00:08:29.712|ERROR|45d8e9a6fb9f47c58a071ef11379a08d|c.k.d.services.implement.TransferServiceImpl      :101 - Daily transfer exceeded limit
2025-06-25 00:08:29.717|ERROR|45d8e9a6fb9f47c58a071ef11379a08d|c.k.d.services.implement.TransferServiceImpl      :47 - Can't transfer for same account: 100000001
2025-06-25 00:08:42.415|DEBUG|fde831fc80264be893fdceeb17239a66|org.jboss.logging                                 :164 - Logging Provider: org.jboss.logging.Slf4jLoggerProvider found via system property
2025-06-25 00:08:42.477|INFO |d8908b1f3ab648ac9cadae653bcefa5d|c.k.d.IntegrationTestFtRepositoriesAndServices    :53 - Starting IntegrationTestFtRepositoriesAndServices using Java 18.0.2.1 with PID 10920 (started by Kimsong Sem in D:\Spring-boot\Digital baking sample project\digital_banking)
2025-06-25 00:08:42.525|DEBUG|d8908b1f3ab648ac9cadae653bcefa5d|c.k.d.IntegrationTestFtRepositoriesAndServices    :54 - Running with Spring Boot v3.5.0, Spring v6.2.7
2025-06-25 00:08:42.526|INFO |d8908b1f3ab648ac9cadae653bcefa5d|c.k.d.IntegrationTestFtRepositoriesAndServices    :658 - The following 1 profile is active: "dev"
2025-06-25 00:08:44.558|DEBUG|d8908b1f3ab648ac9cadae653bcefa5d|com.zaxxer.hikari.HikariConfig                    :1026 - Class org.postgresql.Driver found in Thread context class loader jdk.internal.loader.ClassLoaders$AppClassLoader@4d7e1886
2025-06-25 00:08:45.450|DEBUG|d8908b1f3ab648ac9cadae653bcefa5d|com.zaxxer.hikari.HikariConfig                    :1154 - HikariPool-1 - configuration:
2025-06-25 00:08:45.456|DEBUG|d8908b1f3ab648ac9cadae653bcefa5d|com.zaxxer.hikari.HikariConfig                    :1186 - allowPoolSuspension.............false
2025-06-25 00:08:45.457|DEBUG|d8908b1f3ab648ac9cadae653bcefa5d|com.zaxxer.hikari.HikariConfig                    :1186 - autoCommit......................true
2025-06-25 00:08:45.457|DEBUG|d8908b1f3ab648ac9cadae653bcefa5d|com.zaxxer.hikari.HikariConfig                    :1186 - catalog.........................none
2025-06-25 00:08:45.458|DEBUG|d8908b1f3ab648ac9cadae653bcefa5d|com.zaxxer.hikari.HikariConfig                    :1186 - connectionInitSql...............none
2025-06-25 00:08:45.459|DEBUG|d8908b1f3ab648ac9cadae653bcefa5d|com.zaxxer.hikari.HikariConfig                    :1186 - connectionTestQuery.............none
2025-06-25 00:08:45.460|DEBUG|d8908b1f3ab648ac9cadae653bcefa5d|com.zaxxer.hikari.HikariConfig                    :1186 - connectionTimeout...............30000
2025-06-25 00:08:45.461|DEBUG|d8908b1f3ab648ac9cadae653bcefa5d|com.zaxxer.hikari.HikariConfig                    :1186 - credentials.....................com.zaxxer.hikari.util.Credentials@5e158f33
2025-06-25 00:08:45.462|DEBUG|d8908b1f3ab648ac9cadae653bcefa5d|com.zaxxer.hikari.HikariConfig                    :1186 - dataSource......................none
2025-06-25 00:08:45.462|DEBUG|d8908b1f3ab648ac9cadae653bcefa5d|com.zaxxer.hikari.HikariConfig                    :1186 - dataSourceClassName.............none
2025-06-25 00:08:45.463|DEBUG|d8908b1f3ab648ac9cadae653bcefa5d|com.zaxxer.hikari.HikariConfig                    :1186 - dataSourceJNDI..................none
2025-06-25 00:08:45.464|DEBUG|d8908b1f3ab648ac9cadae653bcefa5d|com.zaxxer.hikari.HikariConfig                    :1186 - dataSourceProperties............{password=<masked>}
2025-06-25 00:08:45.464|DEBUG|d8908b1f3ab648ac9cadae653bcefa5d|com.zaxxer.hikari.HikariConfig                    :1186 - driverClassName................."org.postgresql.Driver"
2025-06-25 00:08:45.465|DEBUG|d8908b1f3ab648ac9cadae653bcefa5d|com.zaxxer.hikari.HikariConfig                    :1186 - exceptionOverride...............none
2025-06-25 00:08:45.466|DEBUG|d8908b1f3ab648ac9cadae653bcefa5d|com.zaxxer.hikari.HikariConfig                    :1186 - exceptionOverrideClassName......none
2025-06-25 00:08:45.466|DEBUG|d8908b1f3ab648ac9cadae653bcefa5d|com.zaxxer.hikari.HikariConfig                    :1186 - healthCheckProperties...........{}
2025-06-25 00:08:45.467|DEBUG|d8908b1f3ab648ac9cadae653bcefa5d|com.zaxxer.hikari.HikariConfig                    :1186 - healthCheckRegistry.............none
2025-06-25 00:08:45.467|DEBUG|d8908b1f3ab648ac9cadae653bcefa5d|com.zaxxer.hikari.HikariConfig                    :1186 - idleTimeout.....................600000
2025-06-25 00:08:45.468|DEBUG|d8908b1f3ab648ac9cadae653bcefa5d|com.zaxxer.hikari.HikariConfig                    :1186 - initializationFailTimeout.......1
2025-06-25 00:08:45.469|DEBUG|d8908b1f3ab648ac9cadae653bcefa5d|com.zaxxer.hikari.HikariConfig                    :1186 - isolateInternalQueries..........false
2025-06-25 00:08:45.469|DEBUG|d8908b1f3ab648ac9cadae653bcefa5d|com.zaxxer.hikari.HikariConfig                    :1186 - jdbcUrl.........................jdbc:postgresql://localhost:5432/digital_banking_db
2025-06-25 00:08:45.469|DEBUG|d8908b1f3ab648ac9cadae653bcefa5d|com.zaxxer.hikari.HikariConfig                    :1186 - keepaliveTime...................120000
2025-06-25 00:08:45.470|DEBUG|d8908b1f3ab648ac9cadae653bcefa5d|com.zaxxer.hikari.HikariConfig                    :1186 - leakDetectionThreshold..........0
2025-06-25 00:08:45.471|DEBUG|d8908b1f3ab648ac9cadae653bcefa5d|com.zaxxer.hikari.HikariConfig                    :1186 - maxLifetime.....................1800000
2025-06-25 00:08:45.472|DEBUG|d8908b1f3ab648ac9cadae653bcefa5d|com.zaxxer.hikari.HikariConfig                    :1186 - maximumPoolSize.................10
2025-06-25 00:08:45.472|DEBUG|d8908b1f3ab648ac9cadae653bcefa5d|com.zaxxer.hikari.HikariConfig                    :1186 - metricRegistry..................none
2025-06-25 00:08:45.473|DEBUG|d8908b1f3ab648ac9cadae653bcefa5d|com.zaxxer.hikari.HikariConfig                    :1186 - metricsTrackerFactory...........none
2025-06-25 00:08:45.474|DEBUG|d8908b1f3ab648ac9cadae653bcefa5d|com.zaxxer.hikari.HikariConfig                    :1186 - minimumIdle.....................10
2025-06-25 00:08:45.475|DEBUG|d8908b1f3ab648ac9cadae653bcefa5d|com.zaxxer.hikari.HikariConfig                    :1186 - password........................<masked>
2025-06-25 00:08:45.475|DEBUG|d8908b1f3ab648ac9cadae653bcefa5d|com.zaxxer.hikari.HikariConfig                    :1186 - poolName........................"HikariPool-1"
2025-06-25 00:08:45.476|DEBUG|d8908b1f3ab648ac9cadae653bcefa5d|com.zaxxer.hikari.HikariConfig                    :1186 - readOnly........................false
2025-06-25 00:08:45.476|DEBUG|d8908b1f3ab648ac9cadae653bcefa5d|com.zaxxer.hikari.HikariConfig                    :1186 - registerMbeans..................false
2025-06-25 00:08:45.477|DEBUG|d8908b1f3ab648ac9cadae653bcefa5d|com.zaxxer.hikari.HikariConfig                    :1186 - scheduledExecutor...............none
2025-06-25 00:08:45.477|DEBUG|d8908b1f3ab648ac9cadae653bcefa5d|com.zaxxer.hikari.HikariConfig                    :1186 - schema..........................none
2025-06-25 00:08:45.478|DEBUG|d8908b1f3ab648ac9cadae653bcefa5d|com.zaxxer.hikari.HikariConfig                    :1186 - threadFactory...................internal
2025-06-25 00:08:45.478|DEBUG|d8908b1f3ab648ac9cadae653bcefa5d|com.zaxxer.hikari.HikariConfig                    :1186 - transactionIsolation............default
2025-06-25 00:08:45.478|DEBUG|d8908b1f3ab648ac9cadae653bcefa5d|com.zaxxer.hikari.HikariConfig                    :1186 - username........................"postgres"
2025-06-25 00:08:45.479|DEBUG|d8908b1f3ab648ac9cadae653bcefa5d|com.zaxxer.hikari.HikariConfig                    :1186 - validationTimeout...............5000
2025-06-25 00:08:45.479|INFO |d8908b1f3ab648ac9cadae653bcefa5d|com.zaxxer.hikari.HikariDataSource                :109 - HikariPool-1 - Starting...
2025-06-25 00:08:45.501|DEBUG|d8908b1f3ab648ac9cadae653bcefa5d|com.zaxxer.hikari.pool.PoolBase                   :366 - HikariPool-1 - Attempting to create/setup new connection (5afe6c91-c1ad-433a-be10-96baef8c4e0e)
2025-06-25 00:08:45.743|DEBUG|d8908b1f3ab648ac9cadae653bcefa5d|com.zaxxer.hikari.pool.PoolBase                   :378 - HikariPool-1 - Established new connection (5afe6c91-c1ad-433a-be10-96baef8c4e0e)
2025-06-25 00:08:45.746|INFO |d8908b1f3ab648ac9cadae653bcefa5d|com.zaxxer.hikari.pool.HikariPool                 :575 - HikariPool-1 - Added connection org.postgresql.jdbc.PgConnection@333a44f2
2025-06-25 00:08:45.750|INFO |d8908b1f3ab648ac9cadae653bcefa5d|com.zaxxer.hikari.HikariDataSource                :122 - HikariPool-1 - Start completed.
2025-06-25 00:08:45.858|DEBUG|a26f9d1a17734ac891b355f9ad6c3c8f|com.zaxxer.hikari.pool.HikariPool                 :417 - HikariPool-1 - Pool stats (total=1/10, idle=1/10, active=0, waiting=0)
2025-06-25 00:08:45.859|DEBUG|5ac73bb002914ceda25df179b5a206c7|com.zaxxer.hikari.pool.PoolBase                   :366 - HikariPool-1 - Attempting to create/setup new connection (72deb13d-dd93-47ca-8d72-01332d9f0d70)
2025-06-25 00:08:45.938|DEBUG|5ac73bb002914ceda25df179b5a206c7|com.zaxxer.hikari.pool.PoolBase                   :378 - HikariPool-1 - Established new connection (72deb13d-dd93-47ca-8d72-01332d9f0d70)
2025-06-25 00:08:45.939|DEBUG|5ac73bb002914ceda25df179b5a206c7|com.zaxxer.hikari.pool.HikariPool                 :751 - HikariPool-1 - Added connection org.postgresql.jdbc.PgConnection@16355a87
2025-06-25 00:08:45.982|DEBUG|5ac73bb002914ceda25df179b5a206c7|com.zaxxer.hikari.pool.HikariPool                 :417 - HikariPool-1 - After adding stats (total=2/10, idle=2/10, active=0, waiting=0)
2025-06-25 00:08:45.983|DEBUG|5ac73bb002914ceda25df179b5a206c7|com.zaxxer.hikari.pool.PoolBase                   :366 - HikariPool-1 - Attempting to create/setup new connection (6fdb7c69-f5de-4ff8-8202-4d8b560ffc3c)
2025-06-25 00:08:46.043|DEBUG|5ac73bb002914ceda25df179b5a206c7|com.zaxxer.hikari.pool.PoolBase                   :378 - HikariPool-1 - Established new connection (6fdb7c69-f5de-4ff8-8202-4d8b560ffc3c)
2025-06-25 00:08:46.043|DEBUG|5ac73bb002914ceda25df179b5a206c7|com.zaxxer.hikari.pool.HikariPool                 :751 - HikariPool-1 - Added connection org.postgresql.jdbc.PgConnection@18f2b631
2025-06-25 00:08:46.078|DEBUG|5ac73bb002914ceda25df179b5a206c7|com.zaxxer.hikari.pool.HikariPool                 :417 - HikariPool-1 - After adding stats (total=3/10, idle=3/10, active=0, waiting=0)
2025-06-25 00:08:46.078|DEBUG|5ac73bb002914ceda25df179b5a206c7|com.zaxxer.hikari.pool.PoolBase                   :366 - HikariPool-1 - Attempting to create/setup new connection (55e5d87e-bd2d-464b-855c-fb65668f4132)
2025-06-25 00:08:46.133|DEBUG|5ac73bb002914ceda25df179b5a206c7|com.zaxxer.hikari.pool.PoolBase                   :378 - HikariPool-1 - Established new connection (55e5d87e-bd2d-464b-855c-fb65668f4132)
2025-06-25 00:08:46.133|DEBUG|5ac73bb002914ceda25df179b5a206c7|com.zaxxer.hikari.pool.HikariPool                 :751 - HikariPool-1 - Added connection org.postgresql.jdbc.PgConnection@1ccd31f7
2025-06-25 00:08:46.171|DEBUG|5ac73bb002914ceda25df179b5a206c7|com.zaxxer.hikari.pool.HikariPool                 :417 - HikariPool-1 - After adding stats (total=4/10, idle=4/10, active=0, waiting=0)
2025-06-25 00:08:46.171|DEBUG|5ac73bb002914ceda25df179b5a206c7|com.zaxxer.hikari.pool.PoolBase                   :366 - HikariPool-1 - Attempting to create/setup new connection (4ff409d4-1036-4a5b-88c9-9ea7d3e52ca6)
2025-06-25 00:08:46.233|DEBUG|5ac73bb002914ceda25df179b5a206c7|com.zaxxer.hikari.pool.PoolBase                   :378 - HikariPool-1 - Established new connection (4ff409d4-1036-4a5b-88c9-9ea7d3e52ca6)
2025-06-25 00:08:46.234|DEBUG|5ac73bb002914ceda25df179b5a206c7|com.zaxxer.hikari.pool.HikariPool                 :751 - HikariPool-1 - Added connection org.postgresql.jdbc.PgConnection@59cfbc0a
2025-06-25 00:08:46.266|DEBUG|5ac73bb002914ceda25df179b5a206c7|com.zaxxer.hikari.pool.HikariPool                 :417 - HikariPool-1 - After adding stats (total=5/10, idle=5/10, active=0, waiting=0)
2025-06-25 00:08:46.266|DEBUG|5ac73bb002914ceda25df179b5a206c7|com.zaxxer.hikari.pool.PoolBase                   :366 - HikariPool-1 - Attempting to create/setup new connection (78f6a056-ee91-4dfd-9bbd-2b23a4b0f758)
2025-06-25 00:08:46.324|DEBUG|5ac73bb002914ceda25df179b5a206c7|com.zaxxer.hikari.pool.PoolBase                   :378 - HikariPool-1 - Established new connection (78f6a056-ee91-4dfd-9bbd-2b23a4b0f758)
2025-06-25 00:08:46.324|DEBUG|5ac73bb002914ceda25df179b5a206c7|com.zaxxer.hikari.pool.HikariPool                 :751 - HikariPool-1 - Added connection org.postgresql.jdbc.PgConnection@651234d6
2025-06-25 00:08:46.360|DEBUG|5ac73bb002914ceda25df179b5a206c7|com.zaxxer.hikari.pool.HikariPool                 :417 - HikariPool-1 - After adding stats (total=6/10, idle=6/10, active=0, waiting=0)
2025-06-25 00:08:46.360|DEBUG|5ac73bb002914ceda25df179b5a206c7|com.zaxxer.hikari.pool.PoolBase                   :366 - HikariPool-1 - Attempting to create/setup new connection (4431cc76-331a-431a-8de9-1c8903e55552)
2025-06-25 00:08:46.414|DEBUG|5ac73bb002914ceda25df179b5a206c7|com.zaxxer.hikari.pool.PoolBase                   :378 - HikariPool-1 - Established new connection (4431cc76-331a-431a-8de9-1c8903e55552)
2025-06-25 00:08:46.414|DEBUG|5ac73bb002914ceda25df179b5a206c7|com.zaxxer.hikari.pool.HikariPool                 :751 - HikariPool-1 - Added connection org.postgresql.jdbc.PgConnection@68dc457b
2025-06-25 00:08:46.456|DEBUG|5ac73bb002914ceda25df179b5a206c7|com.zaxxer.hikari.pool.HikariPool                 :417 - HikariPool-1 - After adding stats (total=7/10, idle=7/10, active=0, waiting=0)
2025-06-25 00:08:46.456|DEBUG|5ac73bb002914ceda25df179b5a206c7|com.zaxxer.hikari.pool.PoolBase                   :366 - HikariPool-1 - Attempting to create/setup new connection (c6c948dc-1119-44ab-b408-f1e7a2954ef5)
2025-06-25 00:08:46.519|DEBUG|5ac73bb002914ceda25df179b5a206c7|com.zaxxer.hikari.pool.PoolBase                   :378 - HikariPool-1 - Established new connection (c6c948dc-1119-44ab-b408-f1e7a2954ef5)
2025-06-25 00:08:46.520|DEBUG|5ac73bb002914ceda25df179b5a206c7|com.zaxxer.hikari.pool.HikariPool                 :751 - HikariPool-1 - Added connection org.postgresql.jdbc.PgConnection@1deb931e
2025-06-25 00:08:46.552|DEBUG|5ac73bb002914ceda25df179b5a206c7|com.zaxxer.hikari.pool.HikariPool                 :417 - HikariPool-1 - After adding stats (total=8/10, idle=8/10, active=0, waiting=0)
2025-06-25 00:08:46.552|DEBUG|5ac73bb002914ceda25df179b5a206c7|com.zaxxer.hikari.pool.PoolBase                   :366 - HikariPool-1 - Attempting to create/setup new connection (84b90342-93f9-45c7-a7d7-1ead84f1bacc)
2025-06-25 00:08:46.609|DEBUG|5ac73bb002914ceda25df179b5a206c7|com.zaxxer.hikari.pool.PoolBase                   :378 - HikariPool-1 - Established new connection (84b90342-93f9-45c7-a7d7-1ead84f1bacc)
2025-06-25 00:08:46.610|DEBUG|5ac73bb002914ceda25df179b5a206c7|com.zaxxer.hikari.pool.HikariPool                 :751 - HikariPool-1 - Added connection org.postgresql.jdbc.PgConnection@39e04345
2025-06-25 00:08:46.646|DEBUG|5ac73bb002914ceda25df179b5a206c7|com.zaxxer.hikari.pool.HikariPool                 :417 - HikariPool-1 - After adding stats (total=9/10, idle=9/10, active=0, waiting=0)
2025-06-25 00:08:46.646|DEBUG|5ac73bb002914ceda25df179b5a206c7|com.zaxxer.hikari.pool.PoolBase                   :366 - HikariPool-1 - Attempting to create/setup new connection (c7980caf-11ba-475e-aa43-86d6fa082b6a)
2025-06-25 00:08:46.699|DEBUG|5ac73bb002914ceda25df179b5a206c7|com.zaxxer.hikari.pool.PoolBase                   :378 - HikariPool-1 - Established new connection (c7980caf-11ba-475e-aa43-86d6fa082b6a)
2025-06-25 00:08:46.700|DEBUG|5ac73bb002914ceda25df179b5a206c7|com.zaxxer.hikari.pool.HikariPool                 :751 - HikariPool-1 - Added connection org.postgresql.jdbc.PgConnection@4da0642b
2025-06-25 00:08:46.741|DEBUG|5ac73bb002914ceda25df179b5a206c7|com.zaxxer.hikari.pool.HikariPool                 :417 - HikariPool-1 - After adding stats (total=10/10, idle=10/10, active=0, waiting=0)
2025-06-25 00:08:48.656|DEBUG|d8908b1f3ab648ac9cadae653bcefa5d|_.s.web.servlet.HandlerMapping.Mappings           :294 - 
	c.k.d.c.AccountController:
	{GET [/api/accounts/{accountNumber}/balance]}: balance(String)
	{POST [/api/accounts/create]}: createCustomerAccount(CreateCustomerAccountRequest)
2025-06-25 00:08:48.667|DEBUG|d8908b1f3ab648ac9cadae653bcefa5d|_.s.web.servlet.HandlerMapping.Mappings           :294 - 
	c.k.d.c.TransactionHistoryController:
	{GET [/api/transactions/getAllHistory]}: transactionHistory(TransactionHistoryFilter)
2025-06-25 00:08:48.669|DEBUG|d8908b1f3ab648ac9cadae653bcefa5d|_.s.web.servlet.HandlerMapping.Mappings           :294 - 
	c.k.d.c.TransferController:
	{POST [/api/transfers]}: transfer(TransferMoneyRequest)
2025-06-25 00:08:48.674|DEBUG|d8908b1f3ab648ac9cadae653bcefa5d|_.s.web.servlet.HandlerMapping.Mappings           :294 - 
	o.s.b.a.w.s.e.BasicErrorController:
	{ [/error]}: error(HttpServletRequest)
	{ [/error], produces [text/html]}: errorHtml(HttpServletRequest,HttpServletResponse)
2025-06-25 00:08:48.698|DEBUG|d8908b1f3ab648ac9cadae653bcefa5d|_.s.web.servlet.HandlerMapping.Mappings           :294 - 
	o.s.w.a.OpenApiWebMvcResource:
	{GET [/v3/api-docs], produces [application/json]}: openapiJson(HttpServletRequest,String,Locale)
	{GET [/v3/api-docs.yaml], produces [application/vnd.oai.openapi]}: openapiYaml(HttpServletRequest,String,Locale)
2025-06-25 00:08:48.701|DEBUG|d8908b1f3ab648ac9cadae653bcefa5d|_.s.web.servlet.HandlerMapping.Mappings           :294 - 
	o.s.w.u.SwaggerWelcomeWebMvc:
	{GET [/swagger-ui.html]}: redirectToUi(HttpServletRequest)
2025-06-25 00:08:48.703|DEBUG|d8908b1f3ab648ac9cadae653bcefa5d|_.s.web.servlet.HandlerMapping.Mappings           :294 - 
	o.s.w.u.SwaggerConfigResource:
	{GET [/v3/api-docs/swagger-config], produces [application/json]}: openapiJson(HttpServletRequest)
2025-06-25 00:08:48.716|DEBUG|d8908b1f3ab648ac9cadae653bcefa5d|_.s.web.servlet.HandlerMapping.Mappings           :86 - 'beanNameHandlerMapping' {}
2025-06-25 00:08:48.879|DEBUG|d8908b1f3ab648ac9cadae653bcefa5d|_.s.web.servlet.HandlerMapping.Mappings           :176 - 'resourceHandlerMapping' {/webjars/**=ResourceHttpRequestHandler [classpath [META-INF/resources/webjars/]], /**=ResourceHttpRequestHandler [classpath [META-INF/resources/], classpath [resources/], classpath [static/], classpath [public/], ServletContext [/]], /swagger-ui*/*swagger-initializer.js=ResourceHttpRequestHandler [classpath [META-INF/resources/webjars/]], /swagger-ui*/**=ResourceHttpRequestHandler [classpath [META-INF/resources/webjars/]]}
2025-06-25 00:08:49.241|INFO |d8908b1f3ab648ac9cadae653bcefa5d|c.k.d.IntegrationTestFtRepositoriesAndServices    :59 - Started IntegrationTestFtRepositoriesAndServices in 7.231 seconds (process running for 8.808)
2025-06-25 00:08:50.101|ERROR|d8908b1f3ab648ac9cadae653bcefa5d|c.k.d.services.implement.TransferServiceImpl      :89 - Single transfer exceeded limit
2025-06-25 00:08:50.183|INFO |d8908b1f3ab648ac9cadae653bcefa5d|c.k.d.services.implement.AccountServiceImpl       :76 - Account updated with account number:100000001
2025-06-25 00:08:50.184|INFO |d8908b1f3ab648ac9cadae653bcefa5d|c.k.d.services.implement.AccountServiceImpl       :76 - Account updated with account number:100000002
2025-06-25 00:08:50.184|INFO |d8908b1f3ab648ac9cadae653bcefa5d|c.k.d.services.implement.TransferServiceImpl      :110 - Transfer success
2025-06-25 00:08:50.188|INFO |d8908b1f3ab648ac9cadae653bcefa5d|c.k.d.services.implement.TransactionHisServiceImpl:40 - DEBIT transaction created with ref: TXN20250625-000850-967
2025-06-25 00:08:50.190|INFO |d8908b1f3ab648ac9cadae653bcefa5d|c.k.d.services.implement.TransactionHisServiceImpl:40 - CREDIT transaction created with ref: TXN20250625-000850-967
2025-06-25 00:08:50.236|ERROR|d8908b1f3ab648ac9cadae653bcefa5d|c.k.d.services.implement.TransferServiceImpl      :85 - Amount is less than minimum limit
2025-06-25 00:08:50.272|ERROR|d8908b1f3ab648ac9cadae653bcefa5d|c.k.d.services.implement.TransferServiceImpl      :75 - Insufficient balance, request balance: 500.00, available balance: 100.00
2025-06-25 00:08:50.320|INFO |e2a50472417c4b3699f2410a6867a1af|c.k.d.services.implement.AccountServiceImpl       :76 - Account updated with account number:100000001
2025-06-25 00:08:50.320|INFO |e2a50472417c4b3699f2410a6867a1af|c.k.d.services.implement.AccountServiceImpl       :76 - Account updated with account number:100000002
2025-06-25 00:08:50.320|INFO |e2a50472417c4b3699f2410a6867a1af|c.k.d.services.implement.TransferServiceImpl      :110 - Transfer success
2025-06-25 00:08:50.322|INFO |e2a50472417c4b3699f2410a6867a1af|c.k.d.services.implement.TransactionHisServiceImpl:40 - DEBIT transaction created with ref: TXN20250625-000850-203
2025-06-25 00:08:50.324|INFO |e2a50472417c4b3699f2410a6867a1af|c.k.d.services.implement.TransactionHisServiceImpl:40 - CREDIT transaction created with ref: TXN20250625-000850-203
2025-06-25 00:08:50.335|INFO |ddf4bb48c25e4273beab93d1e79cdf9e|c.k.d.services.implement.AccountServiceImpl       :76 - Account updated with account number:100000002
2025-06-25 00:08:50.335|INFO |ddf4bb48c25e4273beab93d1e79cdf9e|c.k.d.services.implement.AccountServiceImpl       :76 - Account updated with account number:100000001
2025-06-25 00:08:50.336|INFO |ddf4bb48c25e4273beab93d1e79cdf9e|c.k.d.services.implement.TransferServiceImpl      :110 - Transfer success
2025-06-25 00:08:50.338|INFO |ddf4bb48c25e4273beab93d1e79cdf9e|c.k.d.services.implement.TransactionHisServiceImpl:40 - DEBIT transaction created with ref: TXN20250625-000850-884
2025-06-25 00:08:50.340|INFO |ddf4bb48c25e4273beab93d1e79cdf9e|c.k.d.services.implement.TransactionHisServiceImpl:40 - CREDIT transaction created with ref: TXN20250625-000850-884
2025-06-25 00:08:50.442|ERROR|d8908b1f3ab648ac9cadae653bcefa5d|c.k.d.services.implement.TransferServiceImpl      :101 - Daily transfer exceeded limit
2025-06-25 00:08:50.477|ERROR|d8908b1f3ab648ac9cadae653bcefa5d|c.k.d.services.implement.TransferServiceImpl      :47 - Can't transfer for same account: 100000001
2025-06-25 00:08:50.521|INFO |49fa1274a8e043ab8f4bb8a919a8cc1c|c.k.d.services.implement.AccountServiceImpl       :76 - Account updated with account number:100000001
2025-06-25 00:08:50.522|INFO |49fa1274a8e043ab8f4bb8a919a8cc1c|c.k.d.services.implement.AccountServiceImpl       :76 - Account updated with account number:100000002
2025-06-25 00:08:50.522|INFO |49fa1274a8e043ab8f4bb8a919a8cc1c|c.k.d.services.implement.TransferServiceImpl      :110 - Transfer success
2025-06-25 00:08:50.524|INFO |49fa1274a8e043ab8f4bb8a919a8cc1c|c.k.d.services.implement.TransactionHisServiceImpl:40 - DEBIT transaction created with ref: TXN20250625-000850-458
2025-06-25 00:08:50.526|INFO |49fa1274a8e043ab8f4bb8a919a8cc1c|c.k.d.services.implement.TransactionHisServiceImpl:40 - CREDIT transaction created with ref: TXN20250625-000850-458
2025-06-25 00:08:50.536|INFO |e33ccc6863cb4a7e90d926c2e3460d15|c.k.d.services.implement.AccountServiceImpl       :76 - Account updated with account number:100000001
2025-06-25 00:08:50.537|INFO |e33ccc6863cb4a7e90d926c2e3460d15|c.k.d.services.implement.AccountServiceImpl       :76 - Account updated with account number:100000003
2025-06-25 00:08:50.537|INFO |e33ccc6863cb4a7e90d926c2e3460d15|c.k.d.services.implement.TransferServiceImpl      :110 - Transfer success
2025-06-25 00:08:50.539|INFO |e33ccc6863cb4a7e90d926c2e3460d15|c.k.d.services.implement.TransactionHisServiceImpl:40 - DEBIT transaction created with ref: TXN20250625-000850-481
2025-06-25 00:08:50.541|INFO |e33ccc6863cb4a7e90d926c2e3460d15|c.k.d.services.implement.TransactionHisServiceImpl:40 - CREDIT transaction created with ref: TXN20250625-000850-481
2025-06-25 00:08:50.562|INFO |8ac2bd195f8242c3a2b01e9b81e502ad|com.zaxxer.hikari.HikariDataSource                :349 - HikariPool-1 - Shutdown initiated...
2025-06-25 00:08:50.563|DEBUG|8ac2bd195f8242c3a2b01e9b81e502ad|com.zaxxer.hikari.pool.HikariPool                 :417 - HikariPool-1 - Before shutdown stats (total=10/10, idle=10/10, active=0, waiting=0)
2025-06-25 00:08:50.565|DEBUG|d67997d2d9844d7c905bdfe67bdcd6e8|com.zaxxer.hikari.pool.PoolBase                   :136 - HikariPool-1 - Closing connection org.postgresql.jdbc.PgConnection@333a44f2: (connection evicted)
2025-06-25 00:08:50.566|DEBUG|d67997d2d9844d7c905bdfe67bdcd6e8|com.zaxxer.hikari.pool.PoolBase                   :136 - HikariPool-1 - Closing connection org.postgresql.jdbc.PgConnection@16355a87: (connection evicted)
2025-06-25 00:08:50.566|DEBUG|d67997d2d9844d7c905bdfe67bdcd6e8|com.zaxxer.hikari.pool.PoolBase                   :136 - HikariPool-1 - Closing connection org.postgresql.jdbc.PgConnection@18f2b631: (connection evicted)
2025-06-25 00:08:50.567|DEBUG|d67997d2d9844d7c905bdfe67bdcd6e8|com.zaxxer.hikari.pool.PoolBase                   :136 - HikariPool-1 - Closing connection org.postgresql.jdbc.PgConnection@1ccd31f7: (connection evicted)
2025-06-25 00:08:50.567|DEBUG|d67997d2d9844d7c905bdfe67bdcd6e8|com.zaxxer.hikari.pool.PoolBase                   :136 - HikariPool-1 - Closing connection org.postgresql.jdbc.PgConnection@59cfbc0a: (connection evicted)
2025-06-25 00:08:50.568|DEBUG|d67997d2d9844d7c905bdfe67bdcd6e8|com.zaxxer.hikari.pool.PoolBase                   :136 - HikariPool-1 - Closing connection org.postgresql.jdbc.PgConnection@651234d6: (connection evicted)
2025-06-25 00:08:50.569|DEBUG|d67997d2d9844d7c905bdfe67bdcd6e8|com.zaxxer.hikari.pool.PoolBase                   :136 - HikariPool-1 - Closing connection org.postgresql.jdbc.PgConnection@68dc457b: (connection evicted)
2025-06-25 00:08:50.569|DEBUG|d67997d2d9844d7c905bdfe67bdcd6e8|com.zaxxer.hikari.pool.PoolBase                   :136 - HikariPool-1 - Closing connection org.postgresql.jdbc.PgConnection@1deb931e: (connection evicted)
2025-06-25 00:08:50.570|DEBUG|d67997d2d9844d7c905bdfe67bdcd6e8|com.zaxxer.hikari.pool.PoolBase                   :136 - HikariPool-1 - Closing connection org.postgresql.jdbc.PgConnection@39e04345: (connection evicted)
2025-06-25 00:08:50.570|DEBUG|d67997d2d9844d7c905bdfe67bdcd6e8|com.zaxxer.hikari.pool.PoolBase                   :136 - HikariPool-1 - Closing connection org.postgresql.jdbc.PgConnection@4da0642b: (connection evicted)
2025-06-25 00:08:50.571|DEBUG|8ac2bd195f8242c3a2b01e9b81e502ad|com.zaxxer.hikari.pool.HikariPool                 :417 - HikariPool-1 - After  shutdown stats (total=0/10, idle=0/10, active=0, waiting=0)
2025-06-25 00:08:50.571|INFO |8ac2bd195f8242c3a2b01e9b81e502ad|com.zaxxer.hikari.HikariDataSource                :351 - HikariPool-1 - Shutdown completed.
2025-06-25 00:12:10.301|DEBUG|0142ed69592f4c7986a9fccef5b2db80|org.jboss.logging                                 :164 - Logging Provider: org.jboss.logging.Slf4jLoggerProvider found via system property
2025-06-25 00:12:10.338|INFO |6a2d83a931534767a8e8443aa6816985|c.k.d.IntegrationTestFtRepositoriesAndServices    :53 - Starting IntegrationTestFtRepositoriesAndServices using Java 18.0.2.1 with PID 10896 (started by Kimsong Sem in D:\Spring-boot\Digital baking sample project\digital_banking)
2025-06-25 00:12:10.361|DEBUG|6a2d83a931534767a8e8443aa6816985|c.k.d.IntegrationTestFtRepositoriesAndServices    :54 - Running with Spring Boot v3.5.0, Spring v6.2.7
2025-06-25 00:12:10.362|INFO |6a2d83a931534767a8e8443aa6816985|c.k.d.IntegrationTestFtRepositoriesAndServices    :658 - The following 1 profile is active: "dev"
2025-06-25 00:12:11.680|DEBUG|6a2d83a931534767a8e8443aa6816985|com.zaxxer.hikari.HikariConfig                    :1026 - Class org.postgresql.Driver found in Thread context class loader jdk.internal.loader.ClassLoaders$AppClassLoader@4d7e1886
2025-06-25 00:12:12.301|DEBUG|6a2d83a931534767a8e8443aa6816985|com.zaxxer.hikari.HikariConfig                    :1154 - HikariPool-1 - configuration:
2025-06-25 00:12:12.305|DEBUG|6a2d83a931534767a8e8443aa6816985|com.zaxxer.hikari.HikariConfig                    :1186 - allowPoolSuspension.............false
2025-06-25 00:12:12.306|DEBUG|6a2d83a931534767a8e8443aa6816985|com.zaxxer.hikari.HikariConfig                    :1186 - autoCommit......................true
2025-06-25 00:12:12.306|DEBUG|6a2d83a931534767a8e8443aa6816985|com.zaxxer.hikari.HikariConfig                    :1186 - catalog.........................none
2025-06-25 00:12:12.307|DEBUG|6a2d83a931534767a8e8443aa6816985|com.zaxxer.hikari.HikariConfig                    :1186 - connectionInitSql...............none
2025-06-25 00:12:12.307|DEBUG|6a2d83a931534767a8e8443aa6816985|com.zaxxer.hikari.HikariConfig                    :1186 - connectionTestQuery.............none
2025-06-25 00:12:12.308|DEBUG|6a2d83a931534767a8e8443aa6816985|com.zaxxer.hikari.HikariConfig                    :1186 - connectionTimeout...............30000
2025-06-25 00:12:12.310|DEBUG|6a2d83a931534767a8e8443aa6816985|com.zaxxer.hikari.HikariConfig                    :1186 - credentials.....................com.zaxxer.hikari.util.Credentials@260d48f5
2025-06-25 00:12:12.310|DEBUG|6a2d83a931534767a8e8443aa6816985|com.zaxxer.hikari.HikariConfig                    :1186 - dataSource......................none
2025-06-25 00:12:12.310|DEBUG|6a2d83a931534767a8e8443aa6816985|com.zaxxer.hikari.HikariConfig                    :1186 - dataSourceClassName.............none
2025-06-25 00:12:12.311|DEBUG|6a2d83a931534767a8e8443aa6816985|com.zaxxer.hikari.HikariConfig                    :1186 - dataSourceJNDI..................none
2025-06-25 00:12:12.311|DEBUG|6a2d83a931534767a8e8443aa6816985|com.zaxxer.hikari.HikariConfig                    :1186 - dataSourceProperties............{password=<masked>}
2025-06-25 00:12:12.313|DEBUG|6a2d83a931534767a8e8443aa6816985|com.zaxxer.hikari.HikariConfig                    :1186 - driverClassName................."org.postgresql.Driver"
2025-06-25 00:12:12.314|DEBUG|6a2d83a931534767a8e8443aa6816985|com.zaxxer.hikari.HikariConfig                    :1186 - exceptionOverride...............none
2025-06-25 00:12:12.314|DEBUG|6a2d83a931534767a8e8443aa6816985|com.zaxxer.hikari.HikariConfig                    :1186 - exceptionOverrideClassName......none
2025-06-25 00:12:12.314|DEBUG|6a2d83a931534767a8e8443aa6816985|com.zaxxer.hikari.HikariConfig                    :1186 - healthCheckProperties...........{}
2025-06-25 00:12:12.314|DEBUG|6a2d83a931534767a8e8443aa6816985|com.zaxxer.hikari.HikariConfig                    :1186 - healthCheckRegistry.............none
2025-06-25 00:12:12.315|DEBUG|6a2d83a931534767a8e8443aa6816985|com.zaxxer.hikari.HikariConfig                    :1186 - idleTimeout.....................600000
2025-06-25 00:12:12.315|DEBUG|6a2d83a931534767a8e8443aa6816985|com.zaxxer.hikari.HikariConfig                    :1186 - initializationFailTimeout.......1
2025-06-25 00:12:12.316|DEBUG|6a2d83a931534767a8e8443aa6816985|com.zaxxer.hikari.HikariConfig                    :1186 - isolateInternalQueries..........false
2025-06-25 00:12:12.317|DEBUG|6a2d83a931534767a8e8443aa6816985|com.zaxxer.hikari.HikariConfig                    :1186 - jdbcUrl.........................jdbc:postgresql://localhost:5432/digital_banking_db
2025-06-25 00:12:12.317|DEBUG|6a2d83a931534767a8e8443aa6816985|com.zaxxer.hikari.HikariConfig                    :1186 - keepaliveTime...................120000
2025-06-25 00:12:12.317|DEBUG|6a2d83a931534767a8e8443aa6816985|com.zaxxer.hikari.HikariConfig                    :1186 - leakDetectionThreshold..........0
2025-06-25 00:12:12.319|DEBUG|6a2d83a931534767a8e8443aa6816985|com.zaxxer.hikari.HikariConfig                    :1186 - maxLifetime.....................1800000
2025-06-25 00:12:12.319|DEBUG|6a2d83a931534767a8e8443aa6816985|com.zaxxer.hikari.HikariConfig                    :1186 - maximumPoolSize.................10
2025-06-25 00:12:12.319|DEBUG|6a2d83a931534767a8e8443aa6816985|com.zaxxer.hikari.HikariConfig                    :1186 - metricRegistry..................none
2025-06-25 00:12:12.320|DEBUG|6a2d83a931534767a8e8443aa6816985|com.zaxxer.hikari.HikariConfig                    :1186 - metricsTrackerFactory...........none
2025-06-25 00:12:12.320|DEBUG|6a2d83a931534767a8e8443aa6816985|com.zaxxer.hikari.HikariConfig                    :1186 - minimumIdle.....................10
2025-06-25 00:12:12.320|DEBUG|6a2d83a931534767a8e8443aa6816985|com.zaxxer.hikari.HikariConfig                    :1186 - password........................<masked>
2025-06-25 00:12:12.321|DEBUG|6a2d83a931534767a8e8443aa6816985|com.zaxxer.hikari.HikariConfig                    :1186 - poolName........................"HikariPool-1"
2025-06-25 00:12:12.321|DEBUG|6a2d83a931534767a8e8443aa6816985|com.zaxxer.hikari.HikariConfig                    :1186 - readOnly........................false
2025-06-25 00:12:12.322|DEBUG|6a2d83a931534767a8e8443aa6816985|com.zaxxer.hikari.HikariConfig                    :1186 - registerMbeans..................false
2025-06-25 00:12:12.322|DEBUG|6a2d83a931534767a8e8443aa6816985|com.zaxxer.hikari.HikariConfig                    :1186 - scheduledExecutor...............none
2025-06-25 00:12:12.322|DEBUG|6a2d83a931534767a8e8443aa6816985|com.zaxxer.hikari.HikariConfig                    :1186 - schema..........................none
2025-06-25 00:12:12.323|DEBUG|6a2d83a931534767a8e8443aa6816985|com.zaxxer.hikari.HikariConfig                    :1186 - threadFactory...................internal
2025-06-25 00:12:12.323|DEBUG|6a2d83a931534767a8e8443aa6816985|com.zaxxer.hikari.HikariConfig                    :1186 - transactionIsolation............default
2025-06-25 00:12:12.323|DEBUG|6a2d83a931534767a8e8443aa6816985|com.zaxxer.hikari.HikariConfig                    :1186 - username........................"postgres"
2025-06-25 00:12:12.324|DEBUG|6a2d83a931534767a8e8443aa6816985|com.zaxxer.hikari.HikariConfig                    :1186 - validationTimeout...............5000
2025-06-25 00:12:12.324|INFO |6a2d83a931534767a8e8443aa6816985|com.zaxxer.hikari.HikariDataSource                :109 - HikariPool-1 - Starting...
2025-06-25 00:12:12.340|DEBUG|6a2d83a931534767a8e8443aa6816985|com.zaxxer.hikari.pool.PoolBase                   :366 - HikariPool-1 - Attempting to create/setup new connection (cf3eb211-4ccb-4db8-ab5d-5936f544f56a)
2025-06-25 00:12:12.607|DEBUG|6a2d83a931534767a8e8443aa6816985|com.zaxxer.hikari.pool.PoolBase                   :378 - HikariPool-1 - Established new connection (cf3eb211-4ccb-4db8-ab5d-5936f544f56a)
2025-06-25 00:12:12.612|INFO |6a2d83a931534767a8e8443aa6816985|com.zaxxer.hikari.pool.HikariPool                 :575 - HikariPool-1 - Added connection org.postgresql.jdbc.PgConnection@70b196d3
2025-06-25 00:12:12.616|INFO |6a2d83a931534767a8e8443aa6816985|com.zaxxer.hikari.HikariDataSource                :122 - HikariPool-1 - Start completed.
2025-06-25 00:12:12.719|DEBUG|9f98e76e3e0b4f17bbe29e5a19ffc73e|com.zaxxer.hikari.pool.HikariPool                 :417 - HikariPool-1 - Pool stats (total=1/10, idle=1/10, active=0, waiting=0)
2025-06-25 00:12:12.720|DEBUG|80202a8bf0a24cc188e5d32d68fc2078|com.zaxxer.hikari.pool.PoolBase                   :366 - HikariPool-1 - Attempting to create/setup new connection (167a5a8c-17ec-4913-9a42-d50a6f18d128)
2025-06-25 00:12:12.781|DEBUG|80202a8bf0a24cc188e5d32d68fc2078|com.zaxxer.hikari.pool.PoolBase                   :378 - HikariPool-1 - Established new connection (167a5a8c-17ec-4913-9a42-d50a6f18d128)
2025-06-25 00:12:12.781|DEBUG|80202a8bf0a24cc188e5d32d68fc2078|com.zaxxer.hikari.pool.HikariPool                 :751 - HikariPool-1 - Added connection org.postgresql.jdbc.PgConnection@57a0d3b0
2025-06-25 00:12:12.813|DEBUG|80202a8bf0a24cc188e5d32d68fc2078|com.zaxxer.hikari.pool.HikariPool                 :417 - HikariPool-1 - After adding stats (total=2/10, idle=2/10, active=0, waiting=0)
2025-06-25 00:12:12.813|DEBUG|80202a8bf0a24cc188e5d32d68fc2078|com.zaxxer.hikari.pool.PoolBase                   :366 - HikariPool-1 - Attempting to create/setup new connection (ae6ae11e-976d-4cc0-b604-c83240fc4fea)
2025-06-25 00:12:12.874|DEBUG|80202a8bf0a24cc188e5d32d68fc2078|com.zaxxer.hikari.pool.PoolBase                   :378 - HikariPool-1 - Established new connection (ae6ae11e-976d-4cc0-b604-c83240fc4fea)
2025-06-25 00:12:12.874|DEBUG|80202a8bf0a24cc188e5d32d68fc2078|com.zaxxer.hikari.pool.HikariPool                 :751 - HikariPool-1 - Added connection org.postgresql.jdbc.PgConnection@59672734
2025-06-25 00:12:12.908|DEBUG|80202a8bf0a24cc188e5d32d68fc2078|com.zaxxer.hikari.pool.HikariPool                 :417 - HikariPool-1 - After adding stats (total=3/10, idle=3/10, active=0, waiting=0)
2025-06-25 00:12:12.908|DEBUG|80202a8bf0a24cc188e5d32d68fc2078|com.zaxxer.hikari.pool.PoolBase                   :366 - HikariPool-1 - Attempting to create/setup new connection (45d20fed-e7d8-4663-b90f-a9272040fba9)
2025-06-25 00:12:12.976|DEBUG|80202a8bf0a24cc188e5d32d68fc2078|com.zaxxer.hikari.pool.PoolBase                   :378 - HikariPool-1 - Established new connection (45d20fed-e7d8-4663-b90f-a9272040fba9)
2025-06-25 00:12:12.976|DEBUG|80202a8bf0a24cc188e5d32d68fc2078|com.zaxxer.hikari.pool.HikariPool                 :751 - HikariPool-1 - Added connection org.postgresql.jdbc.PgConnection@5d58b8c0
2025-06-25 00:12:13.017|DEBUG|80202a8bf0a24cc188e5d32d68fc2078|com.zaxxer.hikari.pool.HikariPool                 :417 - HikariPool-1 - After adding stats (total=4/10, idle=4/10, active=0, waiting=0)
2025-06-25 00:12:13.017|DEBUG|80202a8bf0a24cc188e5d32d68fc2078|com.zaxxer.hikari.pool.PoolBase                   :366 - HikariPool-1 - Attempting to create/setup new connection (c4c07d33-62e5-42b0-a629-63f943bad8be)
2025-06-25 00:12:13.079|DEBUG|80202a8bf0a24cc188e5d32d68fc2078|com.zaxxer.hikari.pool.PoolBase                   :378 - HikariPool-1 - Established new connection (c4c07d33-62e5-42b0-a629-63f943bad8be)
2025-06-25 00:12:13.080|DEBUG|80202a8bf0a24cc188e5d32d68fc2078|com.zaxxer.hikari.pool.HikariPool                 :751 - HikariPool-1 - Added connection org.postgresql.jdbc.PgConnection@185a2d0f
2025-06-25 00:12:13.113|DEBUG|80202a8bf0a24cc188e5d32d68fc2078|com.zaxxer.hikari.pool.HikariPool                 :417 - HikariPool-1 - After adding stats (total=5/10, idle=5/10, active=0, waiting=0)
2025-06-25 00:12:13.113|DEBUG|80202a8bf0a24cc188e5d32d68fc2078|com.zaxxer.hikari.pool.PoolBase                   :366 - HikariPool-1 - Attempting to create/setup new connection (a4160b60-acaf-4263-a9f8-31cf1d7de428)
2025-06-25 00:12:13.175|DEBUG|80202a8bf0a24cc188e5d32d68fc2078|com.zaxxer.hikari.pool.PoolBase                   :378 - HikariPool-1 - Established new connection (a4160b60-acaf-4263-a9f8-31cf1d7de428)
2025-06-25 00:12:13.176|DEBUG|80202a8bf0a24cc188e5d32d68fc2078|com.zaxxer.hikari.pool.HikariPool                 :751 - HikariPool-1 - Added connection org.postgresql.jdbc.PgConnection@493650e7
2025-06-25 00:12:13.209|DEBUG|80202a8bf0a24cc188e5d32d68fc2078|com.zaxxer.hikari.pool.HikariPool                 :417 - HikariPool-1 - After adding stats (total=6/10, idle=6/10, active=0, waiting=0)
2025-06-25 00:12:13.209|DEBUG|80202a8bf0a24cc188e5d32d68fc2078|com.zaxxer.hikari.pool.PoolBase                   :366 - HikariPool-1 - Attempting to create/setup new connection (1e81bc10-ed71-447c-9b94-289bf126636c)
2025-06-25 00:12:13.263|DEBUG|80202a8bf0a24cc188e5d32d68fc2078|com.zaxxer.hikari.pool.PoolBase                   :378 - HikariPool-1 - Established new connection (1e81bc10-ed71-447c-9b94-289bf126636c)
2025-06-25 00:12:13.263|DEBUG|80202a8bf0a24cc188e5d32d68fc2078|com.zaxxer.hikari.pool.HikariPool                 :751 - HikariPool-1 - Added connection org.postgresql.jdbc.PgConnection@29889072
2025-06-25 00:12:13.302|DEBUG|80202a8bf0a24cc188e5d32d68fc2078|com.zaxxer.hikari.pool.HikariPool                 :417 - HikariPool-1 - After adding stats (total=7/10, idle=7/10, active=0, waiting=0)
2025-06-25 00:12:13.302|DEBUG|80202a8bf0a24cc188e5d32d68fc2078|com.zaxxer.hikari.pool.PoolBase                   :366 - HikariPool-1 - Attempting to create/setup new connection (0b0c74ea-14c7-4f44-b609-dbfc0ea81922)
2025-06-25 00:12:13.360|DEBUG|80202a8bf0a24cc188e5d32d68fc2078|com.zaxxer.hikari.pool.PoolBase                   :378 - HikariPool-1 - Established new connection (0b0c74ea-14c7-4f44-b609-dbfc0ea81922)
2025-06-25 00:12:13.361|DEBUG|80202a8bf0a24cc188e5d32d68fc2078|com.zaxxer.hikari.pool.HikariPool                 :751 - HikariPool-1 - Added connection org.postgresql.jdbc.PgConnection@310eb33b
2025-06-25 00:12:13.397|DEBUG|80202a8bf0a24cc188e5d32d68fc2078|com.zaxxer.hikari.pool.HikariPool                 :417 - HikariPool-1 - After adding stats (total=8/10, idle=8/10, active=0, waiting=0)
2025-06-25 00:12:13.397|DEBUG|80202a8bf0a24cc188e5d32d68fc2078|com.zaxxer.hikari.pool.PoolBase                   :366 - HikariPool-1 - Attempting to create/setup new connection (54b8df20-d80c-4984-a717-df23a53097b9)
2025-06-25 00:12:13.450|DEBUG|80202a8bf0a24cc188e5d32d68fc2078|com.zaxxer.hikari.pool.PoolBase                   :378 - HikariPool-1 - Established new connection (54b8df20-d80c-4984-a717-df23a53097b9)
2025-06-25 00:12:13.451|DEBUG|80202a8bf0a24cc188e5d32d68fc2078|com.zaxxer.hikari.pool.HikariPool                 :751 - HikariPool-1 - Added connection org.postgresql.jdbc.PgConnection@7875d240
2025-06-25 00:12:13.490|DEBUG|80202a8bf0a24cc188e5d32d68fc2078|com.zaxxer.hikari.pool.HikariPool                 :417 - HikariPool-1 - After adding stats (total=9/10, idle=9/10, active=0, waiting=0)
2025-06-25 00:12:13.490|DEBUG|80202a8bf0a24cc188e5d32d68fc2078|com.zaxxer.hikari.pool.PoolBase                   :366 - HikariPool-1 - Attempting to create/setup new connection (8c26eca8-30d8-4b5b-b2de-88a473ba4f74)
2025-06-25 00:12:13.550|DEBUG|80202a8bf0a24cc188e5d32d68fc2078|com.zaxxer.hikari.pool.PoolBase                   :378 - HikariPool-1 - Established new connection (8c26eca8-30d8-4b5b-b2de-88a473ba4f74)
2025-06-25 00:12:13.550|DEBUG|80202a8bf0a24cc188e5d32d68fc2078|com.zaxxer.hikari.pool.HikariPool                 :751 - HikariPool-1 - Added connection org.postgresql.jdbc.PgConnection@3bf04c1
2025-06-25 00:12:13.585|DEBUG|80202a8bf0a24cc188e5d32d68fc2078|com.zaxxer.hikari.pool.HikariPool                 :417 - HikariPool-1 - After adding stats (total=10/10, idle=10/10, active=0, waiting=0)
2025-06-25 00:12:15.242|DEBUG|6a2d83a931534767a8e8443aa6816985|_.s.web.servlet.HandlerMapping.Mappings           :294 - 
	c.k.d.c.AccountController:
	{GET [/api/accounts/{accountNumber}/balance]}: balance(String)
	{POST [/api/accounts/create]}: createCustomerAccount(CreateCustomerAccountRequest)
2025-06-25 00:12:15.253|DEBUG|6a2d83a931534767a8e8443aa6816985|_.s.web.servlet.HandlerMapping.Mappings           :294 - 
	c.k.d.c.TransactionHistoryController:
	{GET [/api/transactions/getAllHistory]}: transactionHistory(TransactionHistoryFilter)
2025-06-25 00:12:15.255|DEBUG|6a2d83a931534767a8e8443aa6816985|_.s.web.servlet.HandlerMapping.Mappings           :294 - 
	c.k.d.c.TransferController:
	{POST [/api/transfers]}: transfer(TransferMoneyRequest)
2025-06-25 00:12:15.258|DEBUG|6a2d83a931534767a8e8443aa6816985|_.s.web.servlet.HandlerMapping.Mappings           :294 - 
	o.s.b.a.w.s.e.BasicErrorController:
	{ [/error]}: error(HttpServletRequest)
	{ [/error], produces [text/html]}: errorHtml(HttpServletRequest,HttpServletResponse)
2025-06-25 00:12:15.281|DEBUG|6a2d83a931534767a8e8443aa6816985|_.s.web.servlet.HandlerMapping.Mappings           :294 - 
	o.s.w.a.OpenApiWebMvcResource:
	{GET [/v3/api-docs.yaml], produces [application/vnd.oai.openapi]}: openapiYaml(HttpServletRequest,String,Locale)
	{GET [/v3/api-docs], produces [application/json]}: openapiJson(HttpServletRequest,String,Locale)
2025-06-25 00:12:15.284|DEBUG|6a2d83a931534767a8e8443aa6816985|_.s.web.servlet.HandlerMapping.Mappings           :294 - 
	o.s.w.u.SwaggerWelcomeWebMvc:
	{GET [/swagger-ui.html]}: redirectToUi(HttpServletRequest)
2025-06-25 00:12:15.285|DEBUG|6a2d83a931534767a8e8443aa6816985|_.s.web.servlet.HandlerMapping.Mappings           :294 - 
	o.s.w.u.SwaggerConfigResource:
	{GET [/v3/api-docs/swagger-config], produces [application/json]}: openapiJson(HttpServletRequest)
2025-06-25 00:12:15.298|DEBUG|6a2d83a931534767a8e8443aa6816985|_.s.web.servlet.HandlerMapping.Mappings           :86 - 'beanNameHandlerMapping' {}
2025-06-25 00:12:15.457|DEBUG|6a2d83a931534767a8e8443aa6816985|_.s.web.servlet.HandlerMapping.Mappings           :176 - 'resourceHandlerMapping' {/webjars/**=ResourceHttpRequestHandler [classpath [META-INF/resources/webjars/]], /**=ResourceHttpRequestHandler [classpath [META-INF/resources/], classpath [resources/], classpath [static/], classpath [public/], ServletContext [/]], /swagger-ui*/*swagger-initializer.js=ResourceHttpRequestHandler [classpath [META-INF/resources/webjars/]], /swagger-ui*/**=ResourceHttpRequestHandler [classpath [META-INF/resources/webjars/]]}
2025-06-25 00:12:15.829|INFO |6a2d83a931534767a8e8443aa6816985|c.k.d.IntegrationTestFtRepositoriesAndServices    :59 - Started IntegrationTestFtRepositoriesAndServices in 5.779 seconds (process running for 7.016)
2025-06-25 00:12:16.639|ERROR|6a2d83a931534767a8e8443aa6816985|c.k.d.services.implement.TransferServiceImpl      :89 - Single transfer exceeded limit
2025-06-25 00:12:16.722|INFO |6a2d83a931534767a8e8443aa6816985|c.k.d.services.implement.AccountServiceImpl       :76 - Account updated with account number:100000001
2025-06-25 00:12:16.723|INFO |6a2d83a931534767a8e8443aa6816985|c.k.d.services.implement.AccountServiceImpl       :76 - Account updated with account number:100000002
2025-06-25 00:12:16.723|INFO |6a2d83a931534767a8e8443aa6816985|c.k.d.services.implement.TransferServiceImpl      :110 - Transfer success
2025-06-25 00:12:16.727|INFO |6a2d83a931534767a8e8443aa6816985|c.k.d.services.implement.TransactionHisServiceImpl:40 - DEBIT transaction created with ref: TXN20250625-001216-180
2025-06-25 00:12:16.729|INFO |6a2d83a931534767a8e8443aa6816985|c.k.d.services.implement.TransactionHisServiceImpl:40 - CREDIT transaction created with ref: TXN20250625-001216-180
2025-06-25 00:12:16.780|ERROR|6a2d83a931534767a8e8443aa6816985|c.k.d.services.implement.TransferServiceImpl      :85 - Amount is less than minimum limit
2025-06-25 00:12:16.819|ERROR|6a2d83a931534767a8e8443aa6816985|c.k.d.services.implement.TransferServiceImpl      :75 - Insufficient balance, request balance: 500.00, available balance: 100.00
2025-06-25 00:12:16.858|DEBUG|80202a8bf0a24cc188e5d32d68fc2078|com.zaxxer.hikari.pool.HikariPool                 :417 - HikariPool-1 - Connection not added, stats (total=10/10, idle=8/10, active=2, waiting=0)
2025-06-25 00:12:16.868|INFO |3dd21e238080498dae67ffa003e2be50|c.k.d.services.implement.AccountServiceImpl       :76 - Account updated with account number:100000002
2025-06-25 00:12:16.868|INFO |3dd21e238080498dae67ffa003e2be50|c.k.d.services.implement.AccountServiceImpl       :76 - Account updated with account number:100000001
2025-06-25 00:12:16.869|INFO |3dd21e238080498dae67ffa003e2be50|c.k.d.services.implement.TransferServiceImpl      :110 - Transfer success
2025-06-25 00:12:16.871|INFO |3dd21e238080498dae67ffa003e2be50|c.k.d.services.implement.TransactionHisServiceImpl:40 - DEBIT transaction created with ref: TXN20250625-001216-752
2025-06-25 00:12:16.872|INFO |3dd21e238080498dae67ffa003e2be50|c.k.d.services.implement.TransactionHisServiceImpl:40 - CREDIT transaction created with ref: TXN20250625-001216-752
2025-06-25 00:12:16.885|INFO |0a66607adf3e4b20a4cbf28ac446795d|c.k.d.services.implement.AccountServiceImpl       :76 - Account updated with account number:100000001
2025-06-25 00:12:16.885|INFO |0a66607adf3e4b20a4cbf28ac446795d|c.k.d.services.implement.AccountServiceImpl       :76 - Account updated with account number:100000002
2025-06-25 00:12:16.886|INFO |0a66607adf3e4b20a4cbf28ac446795d|c.k.d.services.implement.TransferServiceImpl      :110 - Transfer success
2025-06-25 00:12:16.889|INFO |0a66607adf3e4b20a4cbf28ac446795d|c.k.d.services.implement.TransactionHisServiceImpl:40 - DEBIT transaction created with ref: TXN20250625-001216-729
2025-06-25 00:12:16.891|INFO |0a66607adf3e4b20a4cbf28ac446795d|c.k.d.services.implement.TransactionHisServiceImpl:40 - CREDIT transaction created with ref: TXN20250625-001216-729
2025-06-25 00:12:16.984|ERROR|6a2d83a931534767a8e8443aa6816985|c.k.d.services.implement.TransferServiceImpl      :101 - Daily transfer exceeded limit
2025-06-25 00:12:17.013|ERROR|6a2d83a931534767a8e8443aa6816985|c.k.d.services.implement.TransferServiceImpl      :47 - Can't transfer for same account: 100000001
2025-06-25 00:12:17.056|INFO |4b95a9e02286436494e5eb72a414df2d|c.k.d.services.implement.AccountServiceImpl       :76 - Account updated with account number:100000001
2025-06-25 00:12:17.056|INFO |4b95a9e02286436494e5eb72a414df2d|c.k.d.services.implement.AccountServiceImpl       :76 - Account updated with account number:100000002
2025-06-25 00:12:17.056|INFO |4b95a9e02286436494e5eb72a414df2d|c.k.d.services.implement.TransferServiceImpl      :110 - Transfer success
2025-06-25 00:12:17.058|INFO |4b95a9e02286436494e5eb72a414df2d|c.k.d.services.implement.TransactionHisServiceImpl:40 - DEBIT transaction created with ref: TXN20250625-001217-837
2025-06-25 00:12:17.060|INFO |4b95a9e02286436494e5eb72a414df2d|c.k.d.services.implement.TransactionHisServiceImpl:40 - CREDIT transaction created with ref: TXN20250625-001217-837
2025-06-25 00:12:17.070|INFO |7e73f68d83bd4c84b57b642aa75383ee|c.k.d.services.implement.AccountServiceImpl       :76 - Account updated with account number:100000001
2025-06-25 00:12:17.071|INFO |7e73f68d83bd4c84b57b642aa75383ee|c.k.d.services.implement.AccountServiceImpl       :76 - Account updated with account number:100000003
2025-06-25 00:12:17.071|INFO |7e73f68d83bd4c84b57b642aa75383ee|c.k.d.services.implement.TransferServiceImpl      :110 - Transfer success
2025-06-25 00:12:17.073|INFO |7e73f68d83bd4c84b57b642aa75383ee|c.k.d.services.implement.TransactionHisServiceImpl:40 - DEBIT transaction created with ref: TXN20250625-001217-753
2025-06-25 00:12:17.075|INFO |7e73f68d83bd4c84b57b642aa75383ee|c.k.d.services.implement.TransactionHisServiceImpl:40 - CREDIT transaction created with ref: TXN20250625-001217-753
2025-06-25 00:12:17.098|INFO |b14bf7b2a0784f3197576afb4ae65b4e|com.zaxxer.hikari.HikariDataSource                :349 - HikariPool-1 - Shutdown initiated...
2025-06-25 00:12:17.099|DEBUG|b14bf7b2a0784f3197576afb4ae65b4e|com.zaxxer.hikari.pool.HikariPool                 :417 - HikariPool-1 - Before shutdown stats (total=10/10, idle=10/10, active=0, waiting=0)
2025-06-25 00:12:17.101|DEBUG|a38cde74b45b4052b70bfba0110d0cfb|com.zaxxer.hikari.pool.PoolBase                   :136 - HikariPool-1 - Closing connection org.postgresql.jdbc.PgConnection@70b196d3: (connection evicted)
2025-06-25 00:12:17.102|DEBUG|a38cde74b45b4052b70bfba0110d0cfb|com.zaxxer.hikari.pool.PoolBase                   :136 - HikariPool-1 - Closing connection org.postgresql.jdbc.PgConnection@57a0d3b0: (connection evicted)
2025-06-25 00:12:17.102|DEBUG|a38cde74b45b4052b70bfba0110d0cfb|com.zaxxer.hikari.pool.PoolBase                   :136 - HikariPool-1 - Closing connection org.postgresql.jdbc.PgConnection@59672734: (connection evicted)
2025-06-25 00:12:17.103|DEBUG|a38cde74b45b4052b70bfba0110d0cfb|com.zaxxer.hikari.pool.PoolBase                   :136 - HikariPool-1 - Closing connection org.postgresql.jdbc.PgConnection@5d58b8c0: (connection evicted)
2025-06-25 00:12:17.104|DEBUG|a38cde74b45b4052b70bfba0110d0cfb|com.zaxxer.hikari.pool.PoolBase                   :136 - HikariPool-1 - Closing connection org.postgresql.jdbc.PgConnection@185a2d0f: (connection evicted)
2025-06-25 00:12:17.104|DEBUG|a38cde74b45b4052b70bfba0110d0cfb|com.zaxxer.hikari.pool.PoolBase                   :136 - HikariPool-1 - Closing connection org.postgresql.jdbc.PgConnection@493650e7: (connection evicted)
2025-06-25 00:12:17.105|DEBUG|a38cde74b45b4052b70bfba0110d0cfb|com.zaxxer.hikari.pool.PoolBase                   :136 - HikariPool-1 - Closing connection org.postgresql.jdbc.PgConnection@29889072: (connection evicted)
2025-06-25 00:12:17.106|DEBUG|a38cde74b45b4052b70bfba0110d0cfb|com.zaxxer.hikari.pool.PoolBase                   :136 - HikariPool-1 - Closing connection org.postgresql.jdbc.PgConnection@310eb33b: (connection evicted)
2025-06-25 00:12:17.106|DEBUG|a38cde74b45b4052b70bfba0110d0cfb|com.zaxxer.hikari.pool.PoolBase                   :136 - HikariPool-1 - Closing connection org.postgresql.jdbc.PgConnection@7875d240: (connection evicted)
2025-06-25 00:12:17.107|DEBUG|a38cde74b45b4052b70bfba0110d0cfb|com.zaxxer.hikari.pool.PoolBase                   :136 - HikariPool-1 - Closing connection org.postgresql.jdbc.PgConnection@3bf04c1: (connection evicted)
2025-06-25 00:12:17.108|DEBUG|b14bf7b2a0784f3197576afb4ae65b4e|com.zaxxer.hikari.pool.HikariPool                 :417 - HikariPool-1 - After  shutdown stats (total=0/10, idle=0/10, active=0, waiting=0)
2025-06-25 00:12:17.108|INFO |b14bf7b2a0784f3197576afb4ae65b4e|com.zaxxer.hikari.HikariDataSource                :351 - HikariPool-1 - Shutdown completed.
