2025-06-25 00:04:29.724|INFO |1c428fd6ad65405d8f9306d63c6183f5|c.k.d.IntegrationTestFtRepositoriesAndServices    :53 - Starting IntegrationTestFtRepositoriesAndServices using Java 18.0.2.1 with PID 7064 (started by Kimsong Sem in D:\Spring-boot\Digital baking sample project\digital_banking)
2025-06-25 00:04:29.753|INFO |1c428fd6ad65405d8f9306d63c6183f5|c.k.d.IntegrationTestFtRepositoriesAndServices    :658 - The following 1 profile is active: "dev"
2025-06-25 00:04:31.684|INFO |1c428fd6ad65405d8f9306d63c6183f5|com.zaxxer.hikari.HikariDataSource                :109 - HikariPool-1 - Starting...
2025-06-25 00:04:31.883|INFO |1c428fd6ad65405d8f9306d63c6183f5|com.zaxxer.hikari.pool.HikariPool                 :575 - HikariPool-1 - Added connection org.postgresql.jdbc.PgConnection@e7b0bec
2025-06-25 00:04:31.886|INFO |1c428fd6ad65405d8f9306d63c6183f5|com.zaxxer.hikari.HikariDataSource                :122 - HikariPool-1 - Start completed.
2025-06-25 00:04:35.147|INFO |1c428fd6ad65405d8f9306d63c6183f5|c.k.d.IntegrationTestFtRepositoriesAndServices    :59 - Started IntegrationTestFtRepositoriesAndServices in 5.715 seconds (process running for 6.947)
2025-06-25 00:04:36.143|INFO |1c428fd6ad65405d8f9306d63c6183f5|c.k.d.services.implement.AccountServiceImpl       :76 - Account updated with account number:100000001
2025-06-25 00:04:36.144|INFO |1c428fd6ad65405d8f9306d63c6183f5|c.k.d.services.implement.AccountServiceImpl       :76 - Account updated with account number:100000002
2025-06-25 00:04:36.145|INFO |1c428fd6ad65405d8f9306d63c6183f5|c.k.d.services.implement.TransferServiceImpl      :110 - Transfer success
2025-06-25 00:04:36.149|INFO |1c428fd6ad65405d8f9306d63c6183f5|c.k.d.services.implement.TransactionHisServiceImpl:40 - DEBIT transaction created with ref: TXN20250625-000436-727
2025-06-25 00:04:36.151|INFO |1c428fd6ad65405d8f9306d63c6183f5|c.k.d.services.implement.TransactionHisServiceImpl:40 - CREDIT transaction created with ref: TXN20250625-000436-727
2025-06-25 00:04:36.304|INFO |723ed61d5e3149b998d5527993208fb6|c.k.d.services.implement.AccountServiceImpl       :76 - Account updated with account number:100000001
2025-06-25 00:04:36.304|INFO |723ed61d5e3149b998d5527993208fb6|c.k.d.services.implement.AccountServiceImpl       :76 - Account updated with account number:100000002
2025-06-25 00:04:36.305|INFO |723ed61d5e3149b998d5527993208fb6|c.k.d.services.implement.TransferServiceImpl      :110 - Transfer success
2025-06-25 00:04:36.307|INFO |723ed61d5e3149b998d5527993208fb6|c.k.d.services.implement.TransactionHisServiceImpl:40 - DEBIT transaction created with ref: TXN20250625-000436-637
2025-06-25 00:04:36.308|INFO |723ed61d5e3149b998d5527993208fb6|c.k.d.services.implement.TransactionHisServiceImpl:40 - CREDIT transaction created with ref: TXN20250625-000436-637
2025-06-25 00:04:36.320|INFO |7e07734fd8fc4dc085dbaa81700d772f|c.k.d.services.implement.AccountServiceImpl       :76 - Account updated with account number:100000002
2025-06-25 00:04:36.321|INFO |7e07734fd8fc4dc085dbaa81700d772f|c.k.d.services.implement.AccountServiceImpl       :76 - Account updated with account number:100000001
2025-06-25 00:04:36.321|INFO |7e07734fd8fc4dc085dbaa81700d772f|c.k.d.services.implement.TransferServiceImpl      :110 - Transfer success
2025-06-25 00:04:36.324|INFO |7e07734fd8fc4dc085dbaa81700d772f|c.k.d.services.implement.TransactionHisServiceImpl:40 - DEBIT transaction created with ref: TXN20250625-000436-802
2025-06-25 00:04:36.326|INFO |7e07734fd8fc4dc085dbaa81700d772f|c.k.d.services.implement.TransactionHisServiceImpl:40 - CREDIT transaction created with ref: TXN20250625-000436-802
2025-06-25 00:04:36.495|INFO |f26582daeaf1401da0feaa6aae100734|c.k.d.services.implement.AccountServiceImpl       :76 - Account updated with account number:100000001
2025-06-25 00:04:36.496|INFO |f26582daeaf1401da0feaa6aae100734|c.k.d.services.implement.AccountServiceImpl       :76 - Account updated with account number:100000002
2025-06-25 00:04:36.496|INFO |f26582daeaf1401da0feaa6aae100734|c.k.d.services.implement.TransferServiceImpl      :110 - Transfer success
2025-06-25 00:04:36.498|INFO |f26582daeaf1401da0feaa6aae100734|c.k.d.services.implement.TransactionHisServiceImpl:40 - DEBIT transaction created with ref: TXN20250625-000436-233
2025-06-25 00:04:36.499|INFO |f26582daeaf1401da0feaa6aae100734|c.k.d.services.implement.TransactionHisServiceImpl:40 - CREDIT transaction created with ref: TXN20250625-000436-233
2025-06-25 00:04:36.510|INFO |c953d81411d544a7bac4ea1950a31096|c.k.d.services.implement.AccountServiceImpl       :76 - Account updated with account number:100000001
2025-06-25 00:04:36.511|INFO |c953d81411d544a7bac4ea1950a31096|c.k.d.services.implement.AccountServiceImpl       :76 - Account updated with account number:100000003
2025-06-25 00:04:36.511|INFO |c953d81411d544a7bac4ea1950a31096|c.k.d.services.implement.TransferServiceImpl      :110 - Transfer success
2025-06-25 00:04:36.513|INFO |c953d81411d544a7bac4ea1950a31096|c.k.d.services.implement.TransactionHisServiceImpl:40 - DEBIT transaction created with ref: TXN20250625-000436-552
2025-06-25 00:04:36.515|INFO |c953d81411d544a7bac4ea1950a31096|c.k.d.services.implement.TransactionHisServiceImpl:40 - CREDIT transaction created with ref: TXN20250625-000436-552
2025-06-25 00:04:36.535|INFO |7aeeae735a5140d8a3aaa9c3cdb9a490|com.zaxxer.hikari.HikariDataSource                :349 - HikariPool-1 - Shutdown initiated...
2025-06-25 00:04:36.543|INFO |7aeeae735a5140d8a3aaa9c3cdb9a490|com.zaxxer.hikari.HikariDataSource                :351 - HikariPool-1 - Shutdown completed.
2025-06-25 00:05:10.464|INFO |92602bb7b5234bf5b87cbf405c458c92|c.k.d.services.implement.AccountServiceImpl       :76 - Account updated with account number:100000001
2025-06-25 00:05:10.490|INFO |92602bb7b5234bf5b87cbf405c458c92|c.k.d.services.implement.AccountServiceImpl       :37 - Account created with account number:100000001
2025-06-25 00:05:10.727|INFO |92602bb7b5234bf5b87cbf405c458c92|c.k.d.services.implement.CustomerServiceImpl      :40 - Customer created with CIF:000001
2025-06-25 00:05:10.912|INFO |92602bb7b5234bf5b87cbf405c458c92|c.k.d.services.implement.TransactionHisServiceImpl:40 - DEBIT transaction created with ref: TXN20250622-172627-111
2025-06-25 00:05:11.054|INFO |92602bb7b5234bf5b87cbf405c458c92|c.k.d.services.implement.TransferServiceImpl      :110 - Transfer success
2025-06-25 00:05:11.070|INFO |92602bb7b5234bf5b87cbf405c458c92|c.k.d.services.implement.TransferServiceImpl      :110 - Transfer success
2025-06-25 00:05:11.082|INFO |92602bb7b5234bf5b87cbf405c458c92|c.k.d.services.implement.TransferServiceImpl      :110 - Transfer success
2025-06-25 00:06:55.453|INFO |0b312ae9a7ce472a9eee153f796dcc45|c.k.d.services.implement.AccountServiceImpl       :76 - Account updated with account number:100000001
2025-06-25 00:06:55.470|INFO |0b312ae9a7ce472a9eee153f796dcc45|c.k.d.services.implement.AccountServiceImpl       :37 - Account created with account number:100000001
2025-06-25 00:06:55.622|INFO |0b312ae9a7ce472a9eee153f796dcc45|c.k.d.services.implement.CustomerServiceImpl      :40 - Customer created with CIF:000001
2025-06-25 00:06:55.739|INFO |0b312ae9a7ce472a9eee153f796dcc45|c.k.d.services.implement.TransactionHisServiceImpl:40 - DEBIT transaction created with ref: TXN20250622-172627-111
2025-06-25 00:06:55.830|INFO |0b312ae9a7ce472a9eee153f796dcc45|c.k.d.services.implement.TransferServiceImpl      :110 - Transfer success
2025-06-25 00:06:55.837|INFO |0b312ae9a7ce472a9eee153f796dcc45|c.k.d.services.implement.TransferServiceImpl      :110 - Transfer success
2025-06-25 00:06:55.845|INFO |0b312ae9a7ce472a9eee153f796dcc45|c.k.d.services.implement.TransferServiceImpl      :110 - Transfer success
2025-06-25 00:07:32.238|INFO |8f7cfa7e9c724d919362825bf9af182c|c.k.d.services.implement.AccountServiceImpl       :76 - Account updated with account number:100000001
2025-06-25 00:07:32.268|INFO |8f7cfa7e9c724d919362825bf9af182c|c.k.d.services.implement.AccountServiceImpl       :37 - Account created with account number:100000001
2025-06-25 00:08:05.333|INFO |5e6e6bc38a0d4aef8513a9535ea2b653|c.k.d.services.implement.CustomerServiceImpl      :40 - Customer created with CIF:000001
2025-06-25 00:08:15.617|INFO |dff8a77469bb435c9d5de235a02f4ffa|c.k.d.services.implement.TransactionHisServiceImpl:40 - DEBIT transaction created with ref: TXN20250622-172627-111
2025-06-25 00:08:29.666|INFO |45d8e9a6fb9f47c58a071ef11379a08d|c.k.d.services.implement.TransferServiceImpl      :110 - Transfer success
2025-06-25 00:08:29.691|INFO |45d8e9a6fb9f47c58a071ef11379a08d|c.k.d.services.implement.TransferServiceImpl      :110 - Transfer success
2025-06-25 00:08:29.702|INFO |45d8e9a6fb9f47c58a071ef11379a08d|c.k.d.services.implement.TransferServiceImpl      :110 - Transfer success
2025-06-25 00:08:42.477|INFO |d8908b1f3ab648ac9cadae653bcefa5d|c.k.d.IntegrationTestFtRepositoriesAndServices    :53 - Starting IntegrationTestFtRepositoriesAndServices using Java 18.0.2.1 with PID 10920 (started by Kimsong Sem in D:\Spring-boot\Digital baking sample project\digital_banking)
2025-06-25 00:08:42.526|INFO |d8908b1f3ab648ac9cadae653bcefa5d|c.k.d.IntegrationTestFtRepositoriesAndServices    :658 - The following 1 profile is active: "dev"
2025-06-25 00:08:45.479|INFO |d8908b1f3ab648ac9cadae653bcefa5d|com.zaxxer.hikari.HikariDataSource                :109 - HikariPool-1 - Starting...
2025-06-25 00:08:45.746|INFO |d8908b1f3ab648ac9cadae653bcefa5d|com.zaxxer.hikari.pool.HikariPool                 :575 - HikariPool-1 - Added connection org.postgresql.jdbc.PgConnection@333a44f2
2025-06-25 00:08:45.750|INFO |d8908b1f3ab648ac9cadae653bcefa5d|com.zaxxer.hikari.HikariDataSource                :122 - HikariPool-1 - Start completed.
2025-06-25 00:08:49.241|INFO |d8908b1f3ab648ac9cadae653bcefa5d|c.k.d.IntegrationTestFtRepositoriesAndServices    :59 - Started IntegrationTestFtRepositoriesAndServices in 7.231 seconds (process running for 8.808)
2025-06-25 00:08:50.183|INFO |d8908b1f3ab648ac9cadae653bcefa5d|c.k.d.services.implement.AccountServiceImpl       :76 - Account updated with account number:100000001
2025-06-25 00:08:50.184|INFO |d8908b1f3ab648ac9cadae653bcefa5d|c.k.d.services.implement.AccountServiceImpl       :76 - Account updated with account number:100000002
2025-06-25 00:08:50.184|INFO |d8908b1f3ab648ac9cadae653bcefa5d|c.k.d.services.implement.TransferServiceImpl      :110 - Transfer success
2025-06-25 00:08:50.188|INFO |d8908b1f3ab648ac9cadae653bcefa5d|c.k.d.services.implement.TransactionHisServiceImpl:40 - DEBIT transaction created with ref: TXN20250625-000850-967
2025-06-25 00:08:50.190|INFO |d8908b1f3ab648ac9cadae653bcefa5d|c.k.d.services.implement.TransactionHisServiceImpl:40 - CREDIT transaction created with ref: TXN20250625-000850-967
2025-06-25 00:08:50.320|INFO |e2a50472417c4b3699f2410a6867a1af|c.k.d.services.implement.AccountServiceImpl       :76 - Account updated with account number:100000001
2025-06-25 00:08:50.320|INFO |e2a50472417c4b3699f2410a6867a1af|c.k.d.services.implement.AccountServiceImpl       :76 - Account updated with account number:100000002
2025-06-25 00:08:50.320|INFO |e2a50472417c4b3699f2410a6867a1af|c.k.d.services.implement.TransferServiceImpl      :110 - Transfer success
2025-06-25 00:08:50.322|INFO |e2a50472417c4b3699f2410a6867a1af|c.k.d.services.implement.TransactionHisServiceImpl:40 - DEBIT transaction created with ref: TXN20250625-000850-203
2025-06-25 00:08:50.324|INFO |e2a50472417c4b3699f2410a6867a1af|c.k.d.services.implement.TransactionHisServiceImpl:40 - CREDIT transaction created with ref: TXN20250625-000850-203
2025-06-25 00:08:50.335|INFO |ddf4bb48c25e4273beab93d1e79cdf9e|c.k.d.services.implement.AccountServiceImpl       :76 - Account updated with account number:100000002
2025-06-25 00:08:50.335|INFO |ddf4bb48c25e4273beab93d1e79cdf9e|c.k.d.services.implement.AccountServiceImpl       :76 - Account updated with account number:100000001
2025-06-25 00:08:50.336|INFO |ddf4bb48c25e4273beab93d1e79cdf9e|c.k.d.services.implement.TransferServiceImpl      :110 - Transfer success
2025-06-25 00:08:50.338|INFO |ddf4bb48c25e4273beab93d1e79cdf9e|c.k.d.services.implement.TransactionHisServiceImpl:40 - DEBIT transaction created with ref: TXN20250625-000850-884
2025-06-25 00:08:50.340|INFO |ddf4bb48c25e4273beab93d1e79cdf9e|c.k.d.services.implement.TransactionHisServiceImpl:40 - CREDIT transaction created with ref: TXN20250625-000850-884
2025-06-25 00:08:50.521|INFO |49fa1274a8e043ab8f4bb8a919a8cc1c|c.k.d.services.implement.AccountServiceImpl       :76 - Account updated with account number:100000001
2025-06-25 00:08:50.522|INFO |49fa1274a8e043ab8f4bb8a919a8cc1c|c.k.d.services.implement.AccountServiceImpl       :76 - Account updated with account number:100000002
2025-06-25 00:08:50.522|INFO |49fa1274a8e043ab8f4bb8a919a8cc1c|c.k.d.services.implement.TransferServiceImpl      :110 - Transfer success
2025-06-25 00:08:50.524|INFO |49fa1274a8e043ab8f4bb8a919a8cc1c|c.k.d.services.implement.TransactionHisServiceImpl:40 - DEBIT transaction created with ref: TXN20250625-000850-458
2025-06-25 00:08:50.526|INFO |49fa1274a8e043ab8f4bb8a919a8cc1c|c.k.d.services.implement.TransactionHisServiceImpl:40 - CREDIT transaction created with ref: TXN20250625-000850-458
2025-06-25 00:08:50.536|INFO |e33ccc6863cb4a7e90d926c2e3460d15|c.k.d.services.implement.AccountServiceImpl       :76 - Account updated with account number:100000001
2025-06-25 00:08:50.537|INFO |e33ccc6863cb4a7e90d926c2e3460d15|c.k.d.services.implement.AccountServiceImpl       :76 - Account updated with account number:100000003
2025-06-25 00:08:50.537|INFO |e33ccc6863cb4a7e90d926c2e3460d15|c.k.d.services.implement.TransferServiceImpl      :110 - Transfer success
2025-06-25 00:08:50.539|INFO |e33ccc6863cb4a7e90d926c2e3460d15|c.k.d.services.implement.TransactionHisServiceImpl:40 - DEBIT transaction created with ref: TXN20250625-000850-481
2025-06-25 00:08:50.541|INFO |e33ccc6863cb4a7e90d926c2e3460d15|c.k.d.services.implement.TransactionHisServiceImpl:40 - CREDIT transaction created with ref: TXN20250625-000850-481
2025-06-25 00:08:50.562|INFO |8ac2bd195f8242c3a2b01e9b81e502ad|com.zaxxer.hikari.HikariDataSource                :349 - HikariPool-1 - Shutdown initiated...
2025-06-25 00:08:50.571|INFO |8ac2bd195f8242c3a2b01e9b81e502ad|com.zaxxer.hikari.HikariDataSource                :351 - HikariPool-1 - Shutdown completed.
2025-06-25 00:12:10.338|INFO |6a2d83a931534767a8e8443aa6816985|c.k.d.IntegrationTestFtRepositoriesAndServices    :53 - Starting IntegrationTestFtRepositoriesAndServices using Java 18.0.2.1 with PID 10896 (started by Kimsong Sem in D:\Spring-boot\Digital baking sample project\digital_banking)
2025-06-25 00:12:10.362|INFO |6a2d83a931534767a8e8443aa6816985|c.k.d.IntegrationTestFtRepositoriesAndServices    :658 - The following 1 profile is active: "dev"
2025-06-25 00:12:12.324|INFO |6a2d83a931534767a8e8443aa6816985|com.zaxxer.hikari.HikariDataSource                :109 - HikariPool-1 - Starting...
2025-06-25 00:12:12.612|INFO |6a2d83a931534767a8e8443aa6816985|com.zaxxer.hikari.pool.HikariPool                 :575 - HikariPool-1 - Added connection org.postgresql.jdbc.PgConnection@70b196d3
2025-06-25 00:12:12.616|INFO |6a2d83a931534767a8e8443aa6816985|com.zaxxer.hikari.HikariDataSource                :122 - HikariPool-1 - Start completed.
2025-06-25 00:12:15.829|INFO |6a2d83a931534767a8e8443aa6816985|c.k.d.IntegrationTestFtRepositoriesAndServices    :59 - Started IntegrationTestFtRepositoriesAndServices in 5.779 seconds (process running for 7.016)
2025-06-25 00:12:16.722|INFO |6a2d83a931534767a8e8443aa6816985|c.k.d.services.implement.AccountServiceImpl       :76 - Account updated with account number:100000001
2025-06-25 00:12:16.723|INFO |6a2d83a931534767a8e8443aa6816985|c.k.d.services.implement.AccountServiceImpl       :76 - Account updated with account number:100000002
2025-06-25 00:12:16.723|INFO |6a2d83a931534767a8e8443aa6816985|c.k.d.services.implement.TransferServiceImpl      :110 - Transfer success
2025-06-25 00:12:16.727|INFO |6a2d83a931534767a8e8443aa6816985|c.k.d.services.implement.TransactionHisServiceImpl:40 - DEBIT transaction created with ref: TXN20250625-001216-180
2025-06-25 00:12:16.729|INFO |6a2d83a931534767a8e8443aa6816985|c.k.d.services.implement.TransactionHisServiceImpl:40 - CREDIT transaction created with ref: TXN20250625-001216-180
2025-06-25 00:12:16.868|INFO |3dd21e238080498dae67ffa003e2be50|c.k.d.services.implement.AccountServiceImpl       :76 - Account updated with account number:100000002
2025-06-25 00:12:16.868|INFO |3dd21e238080498dae67ffa003e2be50|c.k.d.services.implement.AccountServiceImpl       :76 - Account updated with account number:100000001
2025-06-25 00:12:16.869|INFO |3dd21e238080498dae67ffa003e2be50|c.k.d.services.implement.TransferServiceImpl      :110 - Transfer success
2025-06-25 00:12:16.871|INFO |3dd21e238080498dae67ffa003e2be50|c.k.d.services.implement.TransactionHisServiceImpl:40 - DEBIT transaction created with ref: TXN20250625-001216-752
2025-06-25 00:12:16.872|INFO |3dd21e238080498dae67ffa003e2be50|c.k.d.services.implement.TransactionHisServiceImpl:40 - CREDIT transaction created with ref: TXN20250625-001216-752
2025-06-25 00:12:16.885|INFO |0a66607adf3e4b20a4cbf28ac446795d|c.k.d.services.implement.AccountServiceImpl       :76 - Account updated with account number:100000001
2025-06-25 00:12:16.885|INFO |0a66607adf3e4b20a4cbf28ac446795d|c.k.d.services.implement.AccountServiceImpl       :76 - Account updated with account number:100000002
2025-06-25 00:12:16.886|INFO |0a66607adf3e4b20a4cbf28ac446795d|c.k.d.services.implement.TransferServiceImpl      :110 - Transfer success
2025-06-25 00:12:16.889|INFO |0a66607adf3e4b20a4cbf28ac446795d|c.k.d.services.implement.TransactionHisServiceImpl:40 - DEBIT transaction created with ref: TXN20250625-001216-729
2025-06-25 00:12:16.891|INFO |0a66607adf3e4b20a4cbf28ac446795d|c.k.d.services.implement.TransactionHisServiceImpl:40 - CREDIT transaction created with ref: TXN20250625-001216-729
2025-06-25 00:12:17.056|INFO |4b95a9e02286436494e5eb72a414df2d|c.k.d.services.implement.AccountServiceImpl       :76 - Account updated with account number:100000001
2025-06-25 00:12:17.056|INFO |4b95a9e02286436494e5eb72a414df2d|c.k.d.services.implement.AccountServiceImpl       :76 - Account updated with account number:100000002
2025-06-25 00:12:17.056|INFO |4b95a9e02286436494e5eb72a414df2d|c.k.d.services.implement.TransferServiceImpl      :110 - Transfer success
2025-06-25 00:12:17.058|INFO |4b95a9e02286436494e5eb72a414df2d|c.k.d.services.implement.TransactionHisServiceImpl:40 - DEBIT transaction created with ref: TXN20250625-001217-837
2025-06-25 00:12:17.060|INFO |4b95a9e02286436494e5eb72a414df2d|c.k.d.services.implement.TransactionHisServiceImpl:40 - CREDIT transaction created with ref: TXN20250625-001217-837
2025-06-25 00:12:17.070|INFO |7e73f68d83bd4c84b57b642aa75383ee|c.k.d.services.implement.AccountServiceImpl       :76 - Account updated with account number:100000001
2025-06-25 00:12:17.071|INFO |7e73f68d83bd4c84b57b642aa75383ee|c.k.d.services.implement.AccountServiceImpl       :76 - Account updated with account number:100000003
2025-06-25 00:12:17.071|INFO |7e73f68d83bd4c84b57b642aa75383ee|c.k.d.services.implement.TransferServiceImpl      :110 - Transfer success
2025-06-25 00:12:17.073|INFO |7e73f68d83bd4c84b57b642aa75383ee|c.k.d.services.implement.TransactionHisServiceImpl:40 - DEBIT transaction created with ref: TXN20250625-001217-753
2025-06-25 00:12:17.075|INFO |7e73f68d83bd4c84b57b642aa75383ee|c.k.d.services.implement.TransactionHisServiceImpl:40 - CREDIT transaction created with ref: TXN20250625-001217-753
2025-06-25 00:12:17.098|INFO |b14bf7b2a0784f3197576afb4ae65b4e|com.zaxxer.hikari.HikariDataSource                :349 - HikariPool-1 - Shutdown initiated...
2025-06-25 00:12:17.108|INFO |b14bf7b2a0784f3197576afb4ae65b4e|com.zaxxer.hikari.HikariDataSource                :351 - HikariPool-1 - Shutdown completed.
